-------------------------------------------------------------------------------
Test set: com.apress.demo.ESClientTest
-------------------------------------------------------------------------------
Tests run: 3, Failures: 1, Errors: 0, Skipped: 0, Time elapsed: 9.64 s <<< FAILURE! - in com.apress.demo.ESClientTest
testA(com.apress.demo.ESClientTest)  Time elapsed: 0.242 s  <<< FAILURE!
java.lang.AssertionError
	at com.apress.demo.ESClientTest.testA(ESClientTest.java:42)

