<?xml version="1.0" encoding="UTF-8"?>
<testsuite xmlns:xsi="http://www.w3.org/2001/XMLSchema-instance" xsi:noNamespaceSchemaLocation="https://maven.apache.org/surefire/maven-surefire-plugin/xsd/surefire-test-report.xsd" name="com.apress.demo.ESClientTest" time="9.64" tests="3" errors="0" skipped="0" failures="1">
  <properties>
[...]
</properties>
  <testcase name="testA" classname="com.apress.demo.ESClientTest" time="0.242">
    <failure type="java.lang.AssertionError">java.lang.AssertionError
	at com.apress.demo.ESClientTest.testA(ESClientTest.java:42)
</failure>
    <system-out><![CDATA[14:40:01.179 [main] DEBUG org.springframework.test.context.junit4.SpringJUnit4ClassRunner - SpringJUnit4ClassRunner constructor called with [class com.apress.demo.ESClientTest]
14:40:01.186 [main] DEBUG org.springframework.test.context.BootstrapUtils - Instantiating CacheAwareContextLoaderDelegate from class [org.springframework.test.context.cache.DefaultCacheAwareContextLoaderDelegate]
14:40:01.193 [main] DEBUG org.springframework.test.context.BootstrapUtils - Instantiating BootstrapContext using constructor [public org.springframework.test.context.support.DefaultBootstrapContext(java.lang.Class,org.springframework.test.context.CacheAwareContextLoaderDelegate)]
14:40:01.207 [main] DEBUG org.springframework.test.context.BootstrapUtils - Instantiating TestContextBootstrapper for test class [com.apress.demo.ESClientTest] from class [org.springframework.boot.test.context.SpringBootTestContextBootstrapper]
14:40:01.219 [main] INFO org.springframework.boot.test.context.SpringBootTestContextBootstrapper - Neither @ContextConfiguration nor @ContextHierarchy found for test class [com.apress.demo.ESClientTest], using SpringBootContextLoader
14:40:01.223 [main] DEBUG org.springframework.test.context.support.AbstractContextLoader - Did not detect default resource location for test class [com.apress.demo.ESClientTest]: class path resource [com/apress/demo/ESClientTest-context.xml] does not exist
14:40:01.223 [main] DEBUG org.springframework.test.context.support.AbstractContextLoader - Did not detect default resource location for test class [com.apress.demo.ESClientTest]: class path resource [com/apress/demo/ESClientTestContext.groovy] does not exist
14:40:01.223 [main] INFO org.springframework.test.context.support.AbstractContextLoader - Could not detect default resource locations for test class [com.apress.demo.ESClientTest]: no resource found for suffixes {-context.xml, Context.groovy}.
14:40:01.417 [main] DEBUG org.springframework.boot.test.context.SpringBootTestContextBootstrapper - @TestExecutionListeners is not present for class [com.apress.demo.ESClientTest]: using defaults.
14:40:01.418 [main] INFO org.springframework.boot.test.context.SpringBootTestContextBootstrapper - Loaded default TestExecutionListener class names from location [META-INF/spring.factories]: [org.springframework.boot.test.mock.mockito.MockitoTestExecutionListener, org.springframework.boot.test.mock.mockito.ResetMocksTestExecutionListener, org.springframework.boot.test.autoconfigure.restdocs.RestDocsTestExecutionListener, org.springframework.boot.test.autoconfigure.web.client.MockRestServiceServerResetTestExecutionListener, org.springframework.boot.test.autoconfigure.web.servlet.MockMvcPrintOnlyOnFailureTestExecutionListener, org.springframework.boot.test.autoconfigure.web.servlet.WebDriverTestExecutionListener, org.springframework.test.context.web.ServletTestExecutionListener, org.springframework.test.context.support.DirtiesContextBeforeModesTestExecutionListener, org.springframework.test.context.support.DependencyInjectionTestExecutionListener, org.springframework.test.context.support.DirtiesContextTestExecutionListener, org.springframework.test.context.transaction.TransactionalTestExecutionListener, org.springframework.test.context.jdbc.SqlScriptsTestExecutionListener]
14:40:01.437 [main] INFO org.springframework.boot.test.context.SpringBootTestContextBootstrapper - Using TestExecutionListeners: [org.springframework.test.context.web.ServletTestExecutionListener@5f683daf, org.springframework.test.context.support.DirtiesContextBeforeModesTestExecutionListener@78ffe6dc, org.springframework.boot.test.mock.mockito.MockitoTestExecutionListener@8317c52, org.springframework.boot.test.autoconfigure.SpringBootDependencyInjectionTestExecutionListener@76f2bbc1, org.springframework.test.context.support.DirtiesContextTestExecutionListener@68e965f5, org.springframework.test.context.transaction.TransactionalTestExecutionListener@6f27a732, org.springframework.test.context.jdbc.SqlScriptsTestExecutionListener@6c779568, org.springframework.boot.test.mock.mockito.ResetMocksTestExecutionListener@f381794, org.springframework.boot.test.autoconfigure.restdocs.RestDocsTestExecutionListener@2cdd0d4b, org.springframework.boot.test.autoconfigure.web.client.MockRestServiceServerResetTestExecutionListener@7e9131d5, org.springframework.boot.test.autoconfigure.web.servlet.MockMvcPrintOnlyOnFailureTestExecutionListener@2e1d27ba, org.springframework.boot.test.autoconfigure.web.servlet.WebDriverTestExecutionListener@61d6015a]
14:40:01.438 [main] DEBUG org.springframework.test.annotation.ProfileValueUtils - Retrieved @ProfileValueSourceConfiguration [null] for test class [com.apress.demo.ESClientTest]
14:40:01.439 [main] DEBUG org.springframework.test.annotation.ProfileValueUtils - Retrieved ProfileValueSource type [class org.springframework.test.annotation.SystemProfileValueSource] for class [com.apress.demo.ESClientTest]
14:40:01.439 [main] DEBUG org.springframework.test.annotation.ProfileValueUtils - Retrieved @ProfileValueSourceConfiguration [null] for test class [com.apress.demo.ESClientTest]
14:40:01.439 [main] DEBUG org.springframework.test.annotation.ProfileValueUtils - Retrieved ProfileValueSource type [class org.springframework.test.annotation.SystemProfileValueSource] for class [com.apress.demo.ESClientTest]
14:40:01.441 [main] DEBUG org.springframework.test.annotation.ProfileValueUtils - Retrieved @ProfileValueSourceConfiguration [null] for test class [com.apress.demo.ESClientTest]
14:40:01.441 [main] DEBUG org.springframework.test.annotation.ProfileValueUtils - Retrieved ProfileValueSource type [class org.springframework.test.annotation.SystemProfileValueSource] for class [com.apress.demo.ESClientTest]
14:40:01.444 [main] DEBUG org.springframework.test.context.support.AbstractDirtiesContextTestExecutionListener - Before test class: context [DefaultTestContext@4da4253 testClass = ESClientTest, testInstance = [null], testMethod = [null], testException = [null], mergedContextConfiguration = [WebMergedContextConfiguration@3972a855 testClass = ESClientTest, locations = '{}', classes = '{class com.apress.demo.ElasticSearchStarter, class com.apress.demo.ElasticSearchStarter}', contextInitializerClasses = '[]', activeProfiles = '{test}', propertySourceLocations = '{}', propertySourceProperties = '{org.springframework.boot.test.context.SpringBootTestContextBootstrapper=true}', contextCustomizers = set[org.springframework.boot.test.context.filter.ExcludeFilterContextCustomizer@51b7e5df, org.springframework.boot.test.json.DuplicateJsonObjectContextCustomizerFactory$DuplicateJsonObjectContextCustomizer@c8e4bb0, org.springframework.boot.test.mock.mockito.MockitoContextCustomizer@0, org.springframework.boot.test.web.client.TestRestTemplateContextCustomizer@275710fc, org.springframework.boot.test.autoconfigure.properties.PropertyMappingContextCustomizer@0, org.springframework.boot.test.autoconfigure.web.servlet.WebDriverContextCustomizerFactory$Customizer@123f1134], resourceBasePath = 'src/main/webapp', contextLoader = 'org.springframework.boot.test.context.SpringBootContextLoader', parent = [null]], attributes = map['org.springframework.test.context.web.ServletTestExecutionListener.activateListener' -> true]], class annotated with @DirtiesContext [false] with mode [null].
14:40:01.446 [main] DEBUG org.springframework.test.annotation.ProfileValueUtils - Retrieved @ProfileValueSourceConfiguration [null] for test class [com.apress.demo.ESClientTest]
14:40:01.446 [main] DEBUG org.springframework.test.annotation.ProfileValueUtils - Retrieved ProfileValueSource type [class org.springframework.test.annotation.SystemProfileValueSource] for class [com.apress.demo.ESClientTest]
14:40:01.474 [main] DEBUG org.springframework.core.env.StandardEnvironment - Adding PropertySource 'systemProperties' with lowest search precedence
14:40:01.476 [main] DEBUG org.springframework.core.env.StandardEnvironment - Adding PropertySource 'systemEnvironment' with lowest search precedence
14:40:01.476 [main] DEBUG org.springframework.core.env.StandardEnvironment - Initialized StandardEnvironment with PropertySources [MapPropertySource@63387985 {name='systemProperties', properties={java.runtime.name=Java(TM) SE Runtime Environment, sun.boot.library.path=C:\Program Files\Java\jdk1.8.0_131\jre\bin, java.vm.version=25.131-b11, java.vm.vendor=Oracle Corporation, java.vendor.url=http://java.oracle.com/, path.separator=;, java.vm.name=Java HotSpot(TM) 64-Bit Server VM, file.encoding.pkg=sun.io, user.country=US, user.script=, sun.java.launcher=SUN_STANDARD, sun.os.patch.level=, java.vm.specification.name=Java Virtual Machine Specification, user.dir=C:\Users\chenwang2017\git\elasticsearch-poc\springboot-mvc-rest-demo, java.runtime.version=1.8.0_131-b11, basedir=C:\Users\chenwang2017\git\elasticsearch-poc\springboot-mvc-rest-demo, java.awt.graphicsenv=sun.awt.Win32GraphicsEnvironment, java.endorsed.dirs=C:\Program Files\Java\jdk1.8.0_131\jre\lib\endorsed, os.arch=amd64, surefire.real.class.path=C:\Users\CHENWA~1\AppData\Local\Temp\surefire3747071138435779591\surefirebooter8623729944795390101.jar, java.io.tmpdir=C:\Users\CHENWA~1\AppData\Local\Temp\, line.separator=
, java.vm.specification.vendor=Oracle Corporation, user.variant=, os.name=Windows 7, sun.jnu.encoding=Cp1252, java.library.path=C:\Program Files\Java\jdk1.8.0_131\jre\bin;C:\Windows\Sun\Java\bin;C:\Windows\system32;C:\Windows;C:\ProgramData\Anaconda3\Scripts;C:\gradle-3.5\bin;C:\Python33\;C:\Program Files\Java\jdk1.8.0_131\bin;C:\spark-2.1.0-bin-hadoop2.4\bin;C:\apache-maven-3.5.0\bin;C:\ProgramData\Oracle\Java\javapath;C:\Windows\system32;C:\Windows;C:\Windows\System32\Wbem;C:\Windows\System32\WindowsPowerShell\v1.0\;C:\Program Files\Intel\WiFi\bin\;C:\Program Files\Common Files\Intel\WirelessCommon\;C:\Program Files (x86)\Lenovo\Password Manager\;C:\Program Files (x86)\Skype\Phone\;C:\Program Files\Git\cmd;C:\Program Files (x86)\Lenovo\Access Connections\;C:\Program Files (x86)\sbt\bin;C:\Program Files\PuTTY\;C:\Program Files\Intel\WiFi\bin\;C:\Program Files\Common Files\Intel\WirelessCommon\;., surefire.test.class.path=C:\Users\chenwang2017\git\elasticsearch-poc\springboot-mvc-rest-demo\target\test-classes;C:\Users\chenwang2017\git\elasticsearch-poc\springboot-mvc-rest-demo\target\classes;C:\Users\chenwang2017\.m2\repository\org\springframework\boot\spring-boot-starter-web\2.0.0.BUILD-SNAPSHOT\spring-boot-starter-web-2.0.0.BUILD-SNAPSHOT.jar;C:\Users\chenwang2017\.m2\repository\org\springframework\boot\spring-boot-starter-json\2.0.0.BUILD-SNAPSHOT\spring-boot-starter-json-2.0.0.BUILD-SNAPSHOT.jar;C:\Users\chenwang2017\.m2\repository\com\fasterxml\jackson\core\jackson-databind\2.9.4\jackson-databind-2.9.4.jar;C:\Users\chenwang2017\.m2\repository\com\fasterxml\jackson\datatype\jackson-datatype-jdk8\2.9.4\jackson-datatype-jdk8-2.9.4.jar;C:\Users\chenwang2017\.m2\repository\com\fasterxml\jackson\datatype\jackson-datatype-jsr310\2.9.4\jackson-datatype-jsr310-2.9.4.jar;C:\Users\chenwang2017\.m2\repository\com\fasterxml\jackson\module\jackson-module-parameter-names\2.9.4\jackson-module-parameter-names-2.9.4.jar;C:\Users\chenwang2017\.m2\repository\org\springframework\boot\spring-boot-starter-tomcat\2.0.0.BUILD-SNAPSHOT\spring-boot-starter-tomcat-2.0.0.BUILD-SNAPSHOT.jar;C:\Users\chenwang2017\.m2\repository\org\apache\tomcat\embed\tomcat-embed-core\8.5.28\tomcat-embed-core-8.5.28.jar;C:\Users\chenwang2017\.m2\repository\org\apache\tomcat\embed\tomcat-embed-el\8.5.28\tomcat-embed-el-8.5.28.jar;C:\Users\chenwang2017\.m2\repository\org\apache\tomcat\embed\tomcat-embed-websocket\8.5.28\tomcat-embed-websocket-8.5.28.jar;C:\Users\chenwang2017\.m2\repository\org\hibernate\validator\hibernate-validator\6.0.7.Final\hibernate-validator-6.0.7.Final.jar;C:\Users\chenwang2017\.m2\repository\javax\validation\validation-api\2.0.1.Final\validation-api-2.0.1.Final.jar;C:\Users\chenwang2017\.m2\repository\org\jboss\logging\jboss-logging\3.3.2.Final\jboss-logging-3.3.2.Final.jar;C:\Users\chenwang2017\.m2\repository\org\springframework\spring-web\5.0.4.RELEASE\spring-web-5.0.4.RELEASE.jar;C:\Users\chenwang2017\.m2\repository\org\springframework\spring-beans\5.0.4.RELEASE\spring-beans-5.0.4.RELEASE.jar;C:\Users\chenwang2017\.m2\repository\org\springframework\spring-webmvc\5.0.4.RELEASE\spring-webmvc-5.0.4.RELEASE.jar;C:\Users\chenwang2017\.m2\repository\org\springframework\spring-aop\5.0.4.RELEASE\spring-aop-5.0.4.RELEASE.jar;C:\Users\chenwang2017\.m2\repository\org\springframework\spring-context\5.0.4.RELEASE\spring-context-5.0.4.RELEASE.jar;C:\Users\chenwang2017\.m2\repository\org\springframework\spring-expression\5.0.4.RELEASE\spring-expression-5.0.4.RELEASE.jar;C:\Users\chenwang2017\.m2\repository\org\springframework\boot\spring-boot-starter\2.0.0.BUILD-SNAPSHOT\spring-boot-starter-2.0.0.BUILD-SNAPSHOT.jar;C:\Users\chenwang2017\.m2\repository\org\springframework\boot\spring-boot\2.0.0.BUILD-SNAPSHOT\spring-boot-2.0.0.BUILD-SNAPSHOT.jar;C:\Users\chenwang2017\.m2\repository\org\springframework\boot\spring-boot-autoconfigure\2.0.0.BUILD-SNAPSHOT\spring-boot-autoconfigure-2.0.0.BUILD-SNAPSHOT.jar;C:\Users\chenwang2017\.m2\repository\org\springframework\boot\spring-boot-starter-logging\2.0.0.BUILD-SNAPSHOT\spring-boot-starter-logging-2.0.0.BUILD-SNAPSHOT.jar;C:\Users\chenwang2017\.m2\repository\ch\qos\logback\logback-classic\1.2.3\logback-classic-1.2.3.jar;C:\Users\chenwang2017\.m2\repository\ch\qos\logback\logback-core\1.2.3\logback-core-1.2.3.jar;C:\Users\chenwang2017\.m2\repository\org\apache\logging\log4j\log4j-to-slf4j\2.10.0\log4j-to-slf4j-2.10.0.jar;C:\Users\chenwang2017\.m2\repository\org\slf4j\jul-to-slf4j\1.7.25\jul-to-slf4j-1.7.25.jar;C:\Users\chenwang2017\.m2\repository\javax\annotation\javax.annotation-api\1.3.2\javax.annotation-api-1.3.2.jar;C:\Users\chenwang2017\.m2\repository\org\springframework\spring-core\5.0.4.RELEASE\spring-core-5.0.4.RELEASE.jar;C:\Users\chenwang2017\.m2\repository\org\springframework\spring-jcl\5.0.4.RELEASE\spring-jcl-5.0.4.RELEASE.jar;C:\Users\chenwang2017\.m2\repository\org\yaml\snakeyaml\1.19\snakeyaml-1.19.jar;C:\Users\chenwang2017\.m2\repository\org\springframework\boot\spring-boot-starter-data-jpa\2.0.0.BUILD-SNAPSHOT\spring-boot-starter-data-jpa-2.0.0.BUILD-SNAPSHOT.jar;C:\Users\chenwang2017\.m2\repository\org\springframework\boot\spring-boot-starter-aop\2.0.0.BUILD-SNAPSHOT\spring-boot-starter-aop-2.0.0.BUILD-SNAPSHOT.jar;C:\Users\chenwang2017\.m2\repository\org\aspectj\aspectjweaver\1.8.13\aspectjweaver-1.8.13.jar;C:\Users\chenwang2017\.m2\repository\org\springframework\boot\spring-boot-starter-jdbc\2.0.0.BUILD-SNAPSHOT\spring-boot-starter-jdbc-2.0.0.BUILD-SNAPSHOT.jar;C:\Users\chenwang2017\.m2\repository\com\zaxxer\HikariCP\2.7.8\HikariCP-2.7.8.jar;C:\Users\chenwang2017\.m2\repository\org\springframework\spring-jdbc\5.0.4.RELEASE\spring-jdbc-5.0.4.RELEASE.jar;C:\Users\chenwang2017\.m2\repository\org\hibernate\hibernate-core\5.2.14.Final\hibernate-core-5.2.14.Final.jar;C:\Users\chenwang2017\.m2\repository\org\hibernate\javax\persistence\hibernate-jpa-2.1-api\1.0.0.Final\hibernate-jpa-2.1-api-1.0.0.Final.jar;C:\Users\chenwang2017\.m2\repository\org\javassist\javassist\3.22.0-GA\javassist-3.22.0-GA.jar;C:\Users\chenwang2017\.m2\repository\antlr\antlr\2.7.7\antlr-2.7.7.jar;C:\Users\chenwang2017\.m2\repository\org\jboss\jandex\2.0.3.Final\jandex-2.0.3.Final.jar;C:\Users\chenwang2017\.m2\repository\dom4j\dom4j\1.6.1\dom4j-1.6.1.jar;C:\Users\chenwang2017\.m2\repository\org\hibernate\common\hibernate-commons-annotations\5.0.1.Final\hibernate-commons-annotations-5.0.1.Final.jar;C:\Users\chenwang2017\.m2\repository\javax\transaction\javax.transaction-api\1.2\javax.transaction-api-1.2.jar;C:\Users\chenwang2017\.m2\repository\org\springframework\data\spring-data-jpa\2.0.5.RELEASE\spring-data-jpa-2.0.5.RELEASE.jar;C:\Users\chenwang2017\.m2\repository\org\springframework\data\spring-data-commons\2.0.5.RELEASE\spring-data-commons-2.0.5.RELEASE.jar;C:\Users\chenwang2017\.m2\repository\org\springframework\spring-orm\5.0.4.RELEASE\spring-orm-5.0.4.RELEASE.jar;C:\Users\chenwang2017\.m2\repository\org\springframework\spring-tx\5.0.4.RELEASE\spring-tx-5.0.4.RELEASE.jar;C:\Users\chenwang2017\.m2\repository\org\springframework\spring-aspects\5.0.4.RELEASE\spring-aspects-5.0.4.RELEASE.jar;C:\Users\chenwang2017\.m2\repository\org\springframework\boot\spring-boot-starter-test\2.0.0.BUILD-SNAPSHOT\spring-boot-starter-test-2.0.0.BUILD-SNAPSHOT.jar;C:\Users\chenwang2017\.m2\repository\org\springframework\boot\spring-boot-test\2.0.0.BUILD-SNAPSHOT\spring-boot-test-2.0.0.BUILD-SNAPSHOT.jar;C:\Users\chenwang2017\.m2\repository\org\springframework\boot\spring-boot-test-autoconfigure\2.0.0.BUILD-SNAPSHOT\spring-boot-test-autoconfigure-2.0.0.BUILD-SNAPSHOT.jar;C:\Users\chenwang2017\.m2\repository\com\jayway\jsonpath\json-path\2.4.0\json-path-2.4.0.jar;C:\Users\chenwang2017\.m2\repository\net\minidev\json-smart\2.3\json-smart-2.3.jar;C:\Users\chenwang2017\.m2\repository\net\minidev\accessors-smart\1.2\accessors-smart-1.2.jar;C:\Users\chenwang2017\.m2\repository\org\ow2\asm\asm\5.0.4\asm-5.0.4.jar;C:\Users\chenwang2017\.m2\repository\junit\junit\4.12\junit-4.12.jar;C:\Users\chenwang2017\.m2\repository\org\assertj\assertj-core\3.9.1\assertj-core-3.9.1.jar;C:\Users\chenwang2017\.m2\repository\org\mockito\mockito-core\2.15.0\mockito-core-2.15.0.jar;C:\Users\chenwang2017\.m2\repository\net\bytebuddy\byte-buddy\1.7.10\byte-buddy-1.7.10.jar;C:\Users\chenwang2017\.m2\repository\net\bytebuddy\byte-buddy-agent\1.7.10\byte-buddy-agent-1.7.10.jar;C:\Users\chenwang2017\.m2\repository\org\objenesis\objenesis\2.6\objenesis-2.6.jar;C:\Users\chenwang2017\.m2\repository\org\hamcrest\hamcrest-core\1.3\hamcrest-core-1.3.jar;C:\Users\chenwang2017\.m2\repository\org\hamcrest\hamcrest-library\1.3\hamcrest-library-1.3.jar;C:\Users\chenwang2017\.m2\repository\org\skyscreamer\jsonassert\1.5.0\jsonassert-1.5.0.jar;C:\Users\chenwang2017\.m2\repository\com\vaadin\external\google\android-json\0.0.20131108.vaadin1\android-json-0.0.20131108.vaadin1.jar;C:\Users\chenwang2017\.m2\repository\org\springframework\spring-test\5.0.4.RELEASE\spring-test-5.0.4.RELEASE.jar;C:\Users\chenwang2017\.m2\repository\org\xmlunit\xmlunit-core\2.5.1\xmlunit-core-2.5.1.jar;C:\Users\chenwang2017\.m2\repository\org\springframework\boot\spring-boot-devtools\2.0.0.BUILD-SNAPSHOT\spring-boot-devtools-2.0.0.BUILD-SNAPSHOT.jar;C:\Users\chenwang2017\.m2\repository\com\h2database\h2\1.4.196\h2-1.4.196.jar;C:\Users\chenwang2017\.m2\repository\org\elasticsearch\elasticsearch\6.2.4\elasticsearch-6.2.4.jar;C:\Users\chenwang2017\.m2\repository\org\elasticsearch\elasticsearch-core\6.2.4\elasticsearch-core-6.2.4.jar;C:\Users\chenwang2017\.m2\repository\org\apache\lucene\lucene-core\7.2.1\lucene-core-7.2.1.jar;C:\Users\chenwang2017\.m2\repository\org\apache\lucene\lucene-analyzers-common\7.2.1\lucene-analyzers-common-7.2.1.jar;C:\Users\chenwang2017\.m2\repository\org\apache\lucene\lucene-backward-codecs\7.2.1\lucene-backward-codecs-7.2.1.jar;C:\Users\chenwang2017\.m2\repository\org\apache\lucene\lucene-grouping\7.2.1\lucene-grouping-7.2.1.jar;C:\Users\chenwang2017\.m2\repository\org\apache\lucene\lucene-highlighter\7.2.1\lucene-highlighter-7.2.1.jar;C:\Users\chenwang2017\.m2\repository\org\apache\lucene\lucene-join\7.2.1\lucene-join-7.2.1.jar;C:\Users\chenwang2017\.m2\repository\org\apache\lucene\lucene-memory\7.2.1\lucene-memory-7.2.1.jar;C:\Users\chenwang2017\.m2\repository\org\apache\lucene\lucene-misc\7.2.1\lucene-misc-7.2.1.jar;C:\Users\chenwang2017\.m2\repository\org\apache\lucene\lucene-queries\7.2.1\lucene-queries-7.2.1.jar;C:\Users\chenwang2017\.m2\repository\org\apache\lucene\lucene-queryparser\7.2.1\lucene-queryparser-7.2.1.jar;C:\Users\chenwang2017\.m2\repository\org\apache\lucene\lucene-sandbox\7.2.1\lucene-sandbox-7.2.1.jar;C:\Users\chenwang2017\.m2\repository\org\apache\lucene\lucene-spatial\7.2.1\lucene-spatial-7.2.1.jar;C:\Users\chenwang2017\.m2\repository\org\apache\lucene\lucene-spatial-extras\7.2.1\lucene-spatial-extras-7.2.1.jar;C:\Users\chenwang2017\.m2\repository\org\apache\lucene\lucene-spatial3d\7.2.1\lucene-spatial3d-7.2.1.jar;C:\Users\chenwang2017\.m2\repository\org\apache\lucene\lucene-suggest\7.2.1\lucene-suggest-7.2.1.jar;C:\Users\chenwang2017\.m2\repository\org\elasticsearch\securesm\1.2\securesm-1.2.jar;C:\Users\chenwang2017\.m2\repository\org\elasticsearch\elasticsearch-cli\6.2.4\elasticsearch-cli-6.2.4.jar;C:\Users\chenwang2017\.m2\repository\net\sf\jopt-simple\jopt-simple\5.0.2\jopt-simple-5.0.2.jar;C:\Users\chenwang2017\.m2\repository\com\carrotsearch\hppc\0.7.1\hppc-0.7.1.jar;C:\Users\chenwang2017\.m2\repository\joda-time\joda-time\2.9.9\joda-time-2.9.9.jar;C:\Users\chenwang2017\.m2\repository\com\fasterxml\jackson\core\jackson-core\2.9.4\jackson-core-2.9.4.jar;C:\Users\chenwang2017\.m2\repository\com\fasterxml\jackson\dataformat\jackson-dataformat-smile\2.9.4\jackson-dataformat-smile-2.9.4.jar;C:\Users\chenwang2017\.m2\repository\com\fasterxml\jackson\dataformat\jackson-dataformat-yaml\2.9.4\jackson-dataformat-yaml-2.9.4.jar;C:\Users\chenwang2017\.m2\repository\com\fasterxml\jackson\dataformat\jackson-dataformat-cbor\2.9.4\jackson-dataformat-cbor-2.9.4.jar;C:\Users\chenwang2017\.m2\repository\com\tdunning\t-digest\3.0\t-digest-3.0.jar;C:\Users\chenwang2017\.m2\repository\org\hdrhistogram\HdrHistogram\2.1.9\HdrHistogram-2.1.9.jar;C:\Users\chenwang2017\.m2\repository\org\apache\logging\log4j\log4j-api\2.10.0\log4j-api-2.10.0.jar;C:\Users\chenwang2017\.m2\repository\org\elasticsearch\jna\4.5.1\jna-4.5.1.jar;C:\Users\chenwang2017\.m2\repository\org\elasticsearch\client\transport\6.2.4\transport-6.2.4.jar;C:\Users\chenwang2017\.m2\repository\org\elasticsearch\plugin\reindex-client\6.2.4\reindex-client-6.2.4.jar;C:\Users\chenwang2017\.m2\repository\org\elasticsearch\plugin\lang-mustache-client\6.2.4\lang-mustache-client-6.2.4.jar;C:\Users\chenwang2017\.m2\repository\com\github\spullara\mustache\java\compiler\0.9.3\compiler-0.9.3.jar;C:\Users\chenwang2017\.m2\repository\org\elasticsearch\plugin\percolator-client\6.2.4\percolator-client-6.2.4.jar;C:\Users\chenwang2017\.m2\repository\org\elasticsearch\plugin\parent-join-client\6.2.4\parent-join-client-6.2.4.jar;C:\Users\chenwang2017\.m2\repository\org\elasticsearch\plugin\rank-eval-client\6.2.4\rank-eval-client-6.2.4.jar;C:\Users\chenwang2017\.m2\repository\org\elasticsearch\client\elasticsearch-rest-high-level-client\6.2.4\elasticsearch-rest-high-level-client-6.2.4.jar;C:\Users\chenwang2017\.m2\repository\org\elasticsearch\client\elasticsearch-rest-client\6.2.4\elasticsearch-rest-client-6.2.4.jar;C:\Users\chenwang2017\.m2\repository\org\apache\httpcomponents\httpasyncclient\4.1.3\httpasyncclient-4.1.3.jar;C:\Users\chenwang2017\.m2\repository\org\apache\httpcomponents\httpcore-nio\4.4.9\httpcore-nio-4.4.9.jar;C:\Users\chenwang2017\.m2\repository\org\elasticsearch\plugin\aggs-matrix-stats-client\6.2.4\aggs-matrix-stats-client-6.2.4.jar;C:\Users\chenwang2017\.m2\repository\org\elasticsearch\plugin\transport-netty4-client\6.2.4\transport-netty4-client-6.2.4.jar;C:\Users\chenwang2017\.m2\repository\io\netty\netty-buffer\4.1.22.Final\netty-buffer-4.1.22.Final.jar;C:\Users\chenwang2017\.m2\repository\io\netty\netty-codec\4.1.22.Final\netty-codec-4.1.22.Final.jar;C:\Users\chenwang2017\.m2\repository\io\netty\netty-codec-http\4.1.22.Final\netty-codec-http-4.1.22.Final.jar;C:\Users\chenwang2017\.m2\repository\io\netty\netty-common\4.1.22.Final\netty-common-4.1.22.Final.jar;C:\Users\chenwang2017\.m2\repository\io\netty\netty-handler\4.1.22.Final\netty-handler-4.1.22.Final.jar;C:\Users\chenwang2017\.m2\repository\io\netty\netty-resolver\4.1.22.Final\netty-resolver-4.1.22.Final.jar;C:\Users\chenwang2017\.m2\repository\io\netty\netty-transport\4.1.22.Final\netty-transport-4.1.22.Final.jar;C:\Users\chenwang2017\.m2\repository\org\locationtech\spatial4j\spatial4j\0.6\spatial4j-0.6.jar;C:\Users\chenwang2017\.m2\repository\com\vividsolutions\jts\1.13\jts-1.13.jar;C:\Users\chenwang2017\.m2\repository\org\apache\logging\log4j\log4j-core\2.10.0\log4j-core-2.10.0.jar;C:\Users\chenwang2017\.m2\repository\org\apache\lucene\lucene-test-framework\7.2.1\lucene-test-framework-7.2.1.jar;C:\Users\chenwang2017\.m2\repository\org\apache\lucene\lucene-codecs\7.2.1\lucene-codecs-7.2.1.jar;C:\Users\chenwang2017\.m2\repository\org\elasticsearch\test\framework\6.2.4\framework-6.2.4.jar;C:\Users\chenwang2017\.m2\repository\org\hamcrest\hamcrest-all\1.3\hamcrest-all-1.3.jar;C:\Users\chenwang2017\.m2\repository\org\apache\httpcomponents\httpclient\4.5.5\httpclient-4.5.5.jar;C:\Users\chenwang2017\.m2\repository\org\apache\httpcomponents\httpcore\4.4.9\httpcore-4.4.9.jar;C:\Users\chenwang2017\.m2\repository\commons-logging\commons-logging\1.1.3\commons-logging-1.1.3.jar;C:\Users\chenwang2017\.m2\repository\commons-codec\commons-codec\1.11\commons-codec-1.11.jar;C:\Users\chenwang2017\.m2\repository\org\elasticsearch\securemock\1.2\securemock-1.2.jar;C:\Users\chenwang2017\.m2\repository\org\elasticsearch\mocksocket\1.2\mocksocket-1.2.jar;C:\Users\chenwang2017\.m2\repository\org\testcontainers\testcontainers\1.7.2\testcontainers-1.7.2.jar;C:\Users\chenwang2017\.m2\repository\org\slf4j\slf4j-api\1.7.25\slf4j-api-1.7.25.jar;C:\Users\chenwang2017\.m2\repository\org\slf4j\slf4j-ext\1.7.25\slf4j-ext-1.7.25.jar;C:\Users\chenwang2017\.m2\repository\org\jetbrains\annotations\15.0\annotations-15.0.jar;C:\Users\chenwang2017\.m2\repository\com\google\code\findbugs\jsr305\3.0.2\jsr305-3.0.2.jar;C:\Users\chenwang2017\.m2\repository\org\apache\commons\commons-compress\1.15\commons-compress-1.15.jar;C:\Users\chenwang2017\.m2\repository\javax\xml\bind\jaxb-api\2.3.0\jaxb-api-2.3.0.jar;C:\Users\chenwang2017\.m2\repository\org\rnorth\duct-tape\duct-tape\1.0.7\duct-tape-1.0.7.jar;C:\Users\chenwang2017\.m2\repository\org\rnorth\visible-assertions\visible-assertions\2.1.0\visible-assertions-2.1.0.jar;C:\Users\chenwang2017\.m2\repository\net\java\dev\jna\jna\4.5.1\jna-4.5.1.jar;C:\Users\chenwang2017\.m2\repository\org\projectlombok\lombok\1.16.20\lombok-1.16.20.jar;C:\Users\chenwang2017\.m2\repository\com\google\code\gson\gson\2.8.2\gson-2.8.2.jar;C:\Users\chenwang2017\.m2\repository\io\springfox\springfox-swagger2\2.9.2\springfox-swagger2-2.9.2.jar;C:\Users\chenwang2017\.m2\repository\io\swagger\swagger-annotations\1.5.20\swagger-annotations-1.5.20.jar;C:\Users\chenwang2017\.m2\repository\io\swagger\swagger-models\1.5.20\swagger-models-1.5.20.jar;C:\Users\chenwang2017\.m2\repository\com\fasterxml\jackson\core\jackson-annotations\2.9.0\jackson-annotations-2.9.0.jar;C:\Users\chenwang2017\.m2\repository\io\springfox\springfox-spi\2.9.2\springfox-spi-2.9.2.jar;C:\Users\chenwang2017\.m2\repository\io\springfox\springfox-core\2.9.2\springfox-core-2.9.2.jar;C:\Users\chenwang2017\.m2\repository\io\springfox\springfox-schema\2.9.2\springfox-schema-2.9.2.jar;C:\Users\chenwang2017\.m2\repository\io\springfox\springfox-swagger-common\2.9.2\springfox-swagger-common-2.9.2.jar;C:\Users\chenwang2017\.m2\repository\io\springfox\springfox-spring-web\2.9.2\springfox-spring-web-2.9.2.jar;C:\Users\chenwang2017\.m2\repository\com\google\guava\guava\20.0\guava-20.0.jar;C:\Users\chenwang2017\.m2\repository\com\fasterxml\classmate\1.3.4\classmate-1.3.4.jar;C:\Users\chenwang2017\.m2\repository\org\springframework\plugin\spring-plugin-core\1.2.0.RELEASE\spring-plugin-core-1.2.0.RELEASE.jar;C:\Users\chenwang2017\.m2\repository\org\springframework\plugin\spring-plugin-metadata\1.2.0.RELEASE\spring-plugin-metadata-1.2.0.RELEASE.jar;C:\Users\chenwang2017\.m2\repository\org\mapstruct\mapstruct\1.2.0.Final\mapstruct-1.2.0.Final.jar;C:\Users\chenwang2017\.m2\repository\io\springfox\springfox-swagger-ui\2.9.2\springfox-swagger-ui-2.9.2.jar;, java.specification.name=Java Platform API Specification, java.class.version=52.0, sun.management.compiler=HotSpot 64-Bit Tiered Compilers, os.version=6.1, user.home=C:\Users\chenwang2017, user.timezone=America/New_York, java.awt.printerjob=sun.awt.windows.WPrinterJob, file.encoding=Cp1252, java.specification.version=1.8, java.class.path=C:\Users\chenwang2017\git\elasticsearch-poc\springboot-mvc-rest-demo\target\test-classes;C:\Users\chenwang2017\git\elasticsearch-poc\springboot-mvc-rest-demo\target\classes;C:\Users\chenwang2017\.m2\repository\org\springframework\boot\spring-boot-starter-web\2.0.0.BUILD-SNAPSHOT\spring-boot-starter-web-2.0.0.BUILD-SNAPSHOT.jar;C:\Users\chenwang2017\.m2\repository\org\springframework\boot\spring-boot-starter-json\2.0.0.BUILD-SNAPSHOT\spring-boot-starter-json-2.0.0.BUILD-SNAPSHOT.jar;C:\Users\chenwang2017\.m2\repository\com\fasterxml\jackson\core\jackson-databind\2.9.4\jackson-databind-2.9.4.jar;C:\Users\chenwang2017\.m2\repository\com\fasterxml\jackson\datatype\jackson-datatype-jdk8\2.9.4\jackson-datatype-jdk8-2.9.4.jar;C:\Users\chenwang2017\.m2\repository\com\fasterxml\jackson\datatype\jackson-datatype-jsr310\2.9.4\jackson-datatype-jsr310-2.9.4.jar;C:\Users\chenwang2017\.m2\repository\com\fasterxml\jackson\module\jackson-module-parameter-names\2.9.4\jackson-module-parameter-names-2.9.4.jar;C:\Users\chenwang2017\.m2\repository\org\springframework\boot\spring-boot-starter-tomcat\2.0.0.BUILD-SNAPSHOT\spring-boot-starter-tomcat-2.0.0.BUILD-SNAPSHOT.jar;C:\Users\chenwang2017\.m2\repository\org\apache\tomcat\embed\tomcat-embed-core\8.5.28\tomcat-embed-core-8.5.28.jar;C:\Users\chenwang2017\.m2\repository\org\apache\tomcat\embed\tomcat-embed-el\8.5.28\tomcat-embed-el-8.5.28.jar;C:\Users\chenwang2017\.m2\repository\org\apache\tomcat\embed\tomcat-embed-websocket\8.5.28\tomcat-embed-websocket-8.5.28.jar;C:\Users\chenwang2017\.m2\repository\org\hibernate\validator\hibernate-validator\6.0.7.Final\hibernate-validator-6.0.7.Final.jar;C:\Users\chenwang2017\.m2\repository\javax\validation\validation-api\2.0.1.Final\validation-api-2.0.1.Final.jar;C:\Users\chenwang2017\.m2\repository\org\jboss\logging\jboss-logging\3.3.2.Final\jboss-logging-3.3.2.Final.jar;C:\Users\chenwang2017\.m2\repository\org\springframework\spring-web\5.0.4.RELEASE\spring-web-5.0.4.RELEASE.jar;C:\Users\chenwang2017\.m2\repository\org\springframework\spring-beans\5.0.4.RELEASE\spring-beans-5.0.4.RELEASE.jar;C:\Users\chenwang2017\.m2\repository\org\springframework\spring-webmvc\5.0.4.RELEASE\spring-webmvc-5.0.4.RELEASE.jar;C:\Users\chenwang2017\.m2\repository\org\springframework\spring-aop\5.0.4.RELEASE\spring-aop-5.0.4.RELEASE.jar;C:\Users\chenwang2017\.m2\repository\org\springframework\spring-context\5.0.4.RELEASE\spring-context-5.0.4.RELEASE.jar;C:\Users\chenwang2017\.m2\repository\org\springframework\spring-expression\5.0.4.RELEASE\spring-expression-5.0.4.RELEASE.jar;C:\Users\chenwang2017\.m2\repository\org\springframework\boot\spring-boot-starter\2.0.0.BUILD-SNAPSHOT\spring-boot-starter-2.0.0.BUILD-SNAPSHOT.jar;C:\Users\chenwang2017\.m2\repository\org\springframework\boot\spring-boot\2.0.0.BUILD-SNAPSHOT\spring-boot-2.0.0.BUILD-SNAPSHOT.jar;C:\Users\chenwang2017\.m2\repository\org\springframework\boot\spring-boot-autoconfigure\2.0.0.BUILD-SNAPSHOT\spring-boot-autoconfigure-2.0.0.BUILD-SNAPSHOT.jar;C:\Users\chenwang2017\.m2\repository\org\springframework\boot\spring-boot-starter-logging\2.0.0.BUILD-SNAPSHOT\spring-boot-starter-logging-2.0.0.BUILD-SNAPSHOT.jar;C:\Users\chenwang2017\.m2\repository\ch\qos\logback\logback-classic\1.2.3\logback-classic-1.2.3.jar;C:\Users\chenwang2017\.m2\repository\ch\qos\logback\logback-core\1.2.3\logback-core-1.2.3.jar;C:\Users\chenwang2017\.m2\repository\org\apache\logging\log4j\log4j-to-slf4j\2.10.0\log4j-to-slf4j-2.10.0.jar;C:\Users\chenwang2017\.m2\repository\org\slf4j\jul-to-slf4j\1.7.25\jul-to-slf4j-1.7.25.jar;C:\Users\chenwang2017\.m2\repository\javax\annotation\javax.annotation-api\1.3.2\javax.annotation-api-1.3.2.jar;C:\Users\chenwang2017\.m2\repository\org\springframework\spring-core\5.0.4.RELEASE\spring-core-5.0.4.RELEASE.jar;C:\Users\chenwang2017\.m2\repository\org\springframework\spring-jcl\5.0.4.RELEASE\spring-jcl-5.0.4.RELEASE.jar;C:\Users\chenwang2017\.m2\repository\org\yaml\snakeyaml\1.19\snakeyaml-1.19.jar;C:\Users\chenwang2017\.m2\repository\org\springframework\boot\spring-boot-starter-data-jpa\2.0.0.BUILD-SNAPSHOT\spring-boot-starter-data-jpa-2.0.0.BUILD-SNAPSHOT.jar;C:\Users\chenwang2017\.m2\repository\org\springframework\boot\spring-boot-starter-aop\2.0.0.BUILD-SNAPSHOT\spring-boot-starter-aop-2.0.0.BUILD-SNAPSHOT.jar;C:\Users\chenwang2017\.m2\repository\org\aspectj\aspectjweaver\1.8.13\aspectjweaver-1.8.13.jar;C:\Users\chenwang2017\.m2\repository\org\springframework\boot\spring-boot-starter-jdbc\2.0.0.BUILD-SNAPSHOT\spring-boot-starter-jdbc-2.0.0.BUILD-SNAPSHOT.jar;C:\Users\chenwang2017\.m2\repository\com\zaxxer\HikariCP\2.7.8\HikariCP-2.7.8.jar;C:\Users\chenwang2017\.m2\repository\org\springframework\spring-jdbc\5.0.4.RELEASE\spring-jdbc-5.0.4.RELEASE.jar;C:\Users\chenwang2017\.m2\repository\org\hibernate\hibernate-core\5.2.14.Final\hibernate-core-5.2.14.Final.jar;C:\Users\chenwang2017\.m2\repository\org\hibernate\javax\persistence\hibernate-jpa-2.1-api\1.0.0.Final\hibernate-jpa-2.1-api-1.0.0.Final.jar;C:\Users\chenwang2017\.m2\repository\org\javassist\javassist\3.22.0-GA\javassist-3.22.0-GA.jar;C:\Users\chenwang2017\.m2\repository\antlr\antlr\2.7.7\antlr-2.7.7.jar;C:\Users\chenwang2017\.m2\repository\org\jboss\jandex\2.0.3.Final\jandex-2.0.3.Final.jar;C:\Users\chenwang2017\.m2\repository\dom4j\dom4j\1.6.1\dom4j-1.6.1.jar;C:\Users\chenwang2017\.m2\repository\org\hibernate\common\hibernate-commons-annotations\5.0.1.Final\hibernate-commons-annotations-5.0.1.Final.jar;C:\Users\chenwang2017\.m2\repository\javax\transaction\javax.transaction-api\1.2\javax.transaction-api-1.2.jar;C:\Users\chenwang2017\.m2\repository\org\springframework\data\spring-data-jpa\2.0.5.RELEASE\spring-data-jpa-2.0.5.RELEASE.jar;C:\Users\chenwang2017\.m2\repository\org\springframework\data\spring-data-commons\2.0.5.RELEASE\spring-data-commons-2.0.5.RELEASE.jar;C:\Users\chenwang2017\.m2\repository\org\springframework\spring-orm\5.0.4.RELEASE\spring-orm-5.0.4.RELEASE.jar;C:\Users\chenwang2017\.m2\repository\org\springframework\spring-tx\5.0.4.RELEASE\spring-tx-5.0.4.RELEASE.jar;C:\Users\chenwang2017\.m2\repository\org\springframework\spring-aspects\5.0.4.RELEASE\spring-aspects-5.0.4.RELEASE.jar;C:\Users\chenwang2017\.m2\repository\org\springframework\boot\spring-boot-starter-test\2.0.0.BUILD-SNAPSHOT\spring-boot-starter-test-2.0.0.BUILD-SNAPSHOT.jar;C:\Users\chenwang2017\.m2\repository\org\springframework\boot\spring-boot-test\2.0.0.BUILD-SNAPSHOT\spring-boot-test-2.0.0.BUILD-SNAPSHOT.jar;C:\Users\chenwang2017\.m2\repository\org\springframework\boot\spring-boot-test-autoconfigure\2.0.0.BUILD-SNAPSHOT\spring-boot-test-autoconfigure-2.0.0.BUILD-SNAPSHOT.jar;C:\Users\chenwang2017\.m2\repository\com\jayway\jsonpath\json-path\2.4.0\json-path-2.4.0.jar;C:\Users\chenwang2017\.m2\repository\net\minidev\json-smart\2.3\json-smart-2.3.jar;C:\Users\chenwang2017\.m2\repository\net\minidev\accessors-smart\1.2\accessors-smart-1.2.jar;C:\Users\chenwang2017\.m2\repository\org\ow2\asm\asm\5.0.4\asm-5.0.4.jar;C:\Users\chenwang2017\.m2\repository\junit\junit\4.12\junit-4.12.jar;C:\Users\chenwang2017\.m2\repository\org\assertj\assertj-core\3.9.1\assertj-core-3.9.1.jar;C:\Users\chenwang2017\.m2\repository\org\mockito\mockito-core\2.15.0\mockito-core-2.15.0.jar;C:\Users\chenwang2017\.m2\repository\net\bytebuddy\byte-buddy\1.7.10\byte-buddy-1.7.10.jar;C:\Users\chenwang2017\.m2\repository\net\bytebuddy\byte-buddy-agent\1.7.10\byte-buddy-agent-1.7.10.jar;C:\Users\chenwang2017\.m2\repository\org\objenesis\objenesis\2.6\objenesis-2.6.jar;C:\Users\chenwang2017\.m2\repository\org\hamcrest\hamcrest-core\1.3\hamcrest-core-1.3.jar;C:\Users\chenwang2017\.m2\repository\org\hamcrest\hamcrest-library\1.3\hamcrest-library-1.3.jar;C:\Users\chenwang2017\.m2\repository\org\skyscreamer\jsonassert\1.5.0\jsonassert-1.5.0.jar;C:\Users\chenwang2017\.m2\repository\com\vaadin\external\google\android-json\0.0.20131108.vaadin1\android-json-0.0.20131108.vaadin1.jar;C:\Users\chenwang2017\.m2\repository\org\springframework\spring-test\5.0.4.RELEASE\spring-test-5.0.4.RELEASE.jar;C:\Users\chenwang2017\.m2\repository\org\xmlunit\xmlunit-core\2.5.1\xmlunit-core-2.5.1.jar;C:\Users\chenwang2017\.m2\repository\org\springframework\boot\spring-boot-devtools\2.0.0.BUILD-SNAPSHOT\spring-boot-devtools-2.0.0.BUILD-SNAPSHOT.jar;C:\Users\chenwang2017\.m2\repository\com\h2database\h2\1.4.196\h2-1.4.196.jar;C:\Users\chenwang2017\.m2\repository\org\elasticsearch\elasticsearch\6.2.4\elasticsearch-6.2.4.jar;C:\Users\chenwang2017\.m2\repository\org\elasticsearch\elasticsearch-core\6.2.4\elasticsearch-core-6.2.4.jar;C:\Users\chenwang2017\.m2\repository\org\apache\lucene\lucene-core\7.2.1\lucene-core-7.2.1.jar;C:\Users\chenwang2017\.m2\repository\org\apache\lucene\lucene-analyzers-common\7.2.1\lucene-analyzers-common-7.2.1.jar;C:\Users\chenwang2017\.m2\repository\org\apache\lucene\lucene-backward-codecs\7.2.1\lucene-backward-codecs-7.2.1.jar;C:\Users\chenwang2017\.m2\repository\org\apache\lucene\lucene-grouping\7.2.1\lucene-grouping-7.2.1.jar;C:\Users\chenwang2017\.m2\repository\org\apache\lucene\lucene-highlighter\7.2.1\lucene-highlighter-7.2.1.jar;C:\Users\chenwang2017\.m2\repository\org\apache\lucene\lucene-join\7.2.1\lucene-join-7.2.1.jar;C:\Users\chenwang2017\.m2\repository\org\apache\lucene\lucene-memory\7.2.1\lucene-memory-7.2.1.jar;C:\Users\chenwang2017\.m2\repository\org\apache\lucene\lucene-misc\7.2.1\lucene-misc-7.2.1.jar;C:\Users\chenwang2017\.m2\repository\org\apache\lucene\lucene-queries\7.2.1\lucene-queries-7.2.1.jar;C:\Users\chenwang2017\.m2\repository\org\apache\lucene\lucene-queryparser\7.2.1\lucene-queryparser-7.2.1.jar;C:\Users\chenwang2017\.m2\repository\org\apache\lucene\lucene-sandbox\7.2.1\lucene-sandbox-7.2.1.jar;C:\Users\chenwang2017\.m2\repository\org\apache\lucene\lucene-spatial\7.2.1\lucene-spatial-7.2.1.jar;C:\Users\chenwang2017\.m2\repository\org\apache\lucene\lucene-spatial-extras\7.2.1\lucene-spatial-extras-7.2.1.jar;C:\Users\chenwang2017\.m2\repository\org\apache\lucene\lucene-spatial3d\7.2.1\lucene-spatial3d-7.2.1.jar;C:\Users\chenwang2017\.m2\repository\org\apache\lucene\lucene-suggest\7.2.1\lucene-suggest-7.2.1.jar;C:\Users\chenwang2017\.m2\repository\org\elasticsearch\securesm\1.2\securesm-1.2.jar;C:\Users\chenwang2017\.m2\repository\org\elasticsearch\elasticsearch-cli\6.2.4\elasticsearch-cli-6.2.4.jar;C:\Users\chenwang2017\.m2\repository\net\sf\jopt-simple\jopt-simple\5.0.2\jopt-simple-5.0.2.jar;C:\Users\chenwang2017\.m2\repository\com\carrotsearch\hppc\0.7.1\hppc-0.7.1.jar;C:\Users\chenwang2017\.m2\repository\joda-time\joda-time\2.9.9\joda-time-2.9.9.jar;C:\Users\chenwang2017\.m2\repository\com\fasterxml\jackson\core\jackson-core\2.9.4\jackson-core-2.9.4.jar;C:\Users\chenwang2017\.m2\repository\com\fasterxml\jackson\dataformat\jackson-dataformat-smile\2.9.4\jackson-dataformat-smile-2.9.4.jar;C:\Users\chenwang2017\.m2\repository\com\fasterxml\jackson\dataformat\jackson-dataformat-yaml\2.9.4\jackson-dataformat-yaml-2.9.4.jar;C:\Users\chenwang2017\.m2\repository\com\fasterxml\jackson\dataformat\jackson-dataformat-cbor\2.9.4\jackson-dataformat-cbor-2.9.4.jar;C:\Users\chenwang2017\.m2\repository\com\tdunning\t-digest\3.0\t-digest-3.0.jar;C:\Users\chenwang2017\.m2\repository\org\hdrhistogram\HdrHistogram\2.1.9\HdrHistogram-2.1.9.jar;C:\Users\chenwang2017\.m2\repository\org\apache\logging\log4j\log4j-api\2.10.0\log4j-api-2.10.0.jar;C:\Users\chenwang2017\.m2\repository\org\elasticsearch\jna\4.5.1\jna-4.5.1.jar;C:\Users\chenwang2017\.m2\repository\org\elasticsearch\client\transport\6.2.4\transport-6.2.4.jar;C:\Users\chenwang2017\.m2\repository\org\elasticsearch\plugin\reindex-client\6.2.4\reindex-client-6.2.4.jar;C:\Users\chenwang2017\.m2\repository\org\elasticsearch\plugin\lang-mustache-client\6.2.4\lang-mustache-client-6.2.4.jar;C:\Users\chenwang2017\.m2\repository\com\github\spullara\mustache\java\compiler\0.9.3\compiler-0.9.3.jar;C:\Users\chenwang2017\.m2\repository\org\elasticsearch\plugin\percolator-client\6.2.4\percolator-client-6.2.4.jar;C:\Users\chenwang2017\.m2\repository\org\elasticsearch\plugin\parent-join-client\6.2.4\parent-join-client-6.2.4.jar;C:\Users\chenwang2017\.m2\repository\org\elasticsearch\plugin\rank-eval-client\6.2.4\rank-eval-client-6.2.4.jar;C:\Users\chenwang2017\.m2\repository\org\elasticsearch\client\elasticsearch-rest-high-level-client\6.2.4\elasticsearch-rest-high-level-client-6.2.4.jar;C:\Users\chenwang2017\.m2\repository\org\elasticsearch\client\elasticsearch-rest-client\6.2.4\elasticsearch-rest-client-6.2.4.jar;C:\Users\chenwang2017\.m2\repository\org\apache\httpcomponents\httpasyncclient\4.1.3\httpasyncclient-4.1.3.jar;C:\Users\chenwang2017\.m2\repository\org\apache\httpcomponents\httpcore-nio\4.4.9\httpcore-nio-4.4.9.jar;C:\Users\chenwang2017\.m2\repository\org\elasticsearch\plugin\aggs-matrix-stats-client\6.2.4\aggs-matrix-stats-client-6.2.4.jar;C:\Users\chenwang2017\.m2\repository\org\elasticsearch\plugin\transport-netty4-client\6.2.4\transport-netty4-client-6.2.4.jar;C:\Users\chenwang2017\.m2\repository\io\netty\netty-buffer\4.1.22.Final\netty-buffer-4.1.22.Final.jar;C:\Users\chenwang2017\.m2\repository\io\netty\netty-codec\4.1.22.Final\netty-codec-4.1.22.Final.jar;C:\Users\chenwang2017\.m2\repository\io\netty\netty-codec-http\4.1.22.Final\netty-codec-http-4.1.22.Final.jar;C:\Users\chenwang2017\.m2\repository\io\netty\netty-common\4.1.22.Final\netty-common-4.1.22.Final.jar;C:\Users\chenwang2017\.m2\repository\io\netty\netty-handler\4.1.22.Final\netty-handler-4.1.22.Final.jar;C:\Users\chenwang2017\.m2\repository\io\netty\netty-resolver\4.1.22.Final\netty-resolver-4.1.22.Final.jar;C:\Users\chenwang2017\.m2\repository\io\netty\netty-transport\4.1.22.Final\netty-transport-4.1.22.Final.jar;C:\Users\chenwang2017\.m2\repository\org\locationtech\spatial4j\spatial4j\0.6\spatial4j-0.6.jar;C:\Users\chenwang2017\.m2\repository\com\vividsolutions\jts\1.13\jts-1.13.jar;C:\Users\chenwang2017\.m2\repository\org\apache\logging\log4j\log4j-core\2.10.0\log4j-core-2.10.0.jar;C:\Users\chenwang2017\.m2\repository\org\apache\lucene\lucene-test-framework\7.2.1\lucene-test-framework-7.2.1.jar;C:\Users\chenwang2017\.m2\repository\org\apache\lucene\lucene-codecs\7.2.1\lucene-codecs-7.2.1.jar;C:\Users\chenwang2017\.m2\repository\org\elasticsearch\test\framework\6.2.4\framework-6.2.4.jar;C:\Users\chenwang2017\.m2\repository\org\hamcrest\hamcrest-all\1.3\hamcrest-all-1.3.jar;C:\Users\chenwang2017\.m2\repository\org\apache\httpcomponents\httpclient\4.5.5\httpclient-4.5.5.jar;C:\Users\chenwang2017\.m2\repository\org\apache\httpcomponents\httpcore\4.4.9\httpcore-4.4.9.jar;C:\Users\chenwang2017\.m2\repository\commons-logging\commons-logging\1.1.3\commons-logging-1.1.3.jar;C:\Users\chenwang2017\.m2\repository\commons-codec\commons-codec\1.11\commons-codec-1.11.jar;C:\Users\chenwang2017\.m2\repository\org\elasticsearch\securemock\1.2\securemock-1.2.jar;C:\Users\chenwang2017\.m2\repository\org\elasticsearch\mocksocket\1.2\mocksocket-1.2.jar;C:\Users\chenwang2017\.m2\repository\org\testcontainers\testcontainers\1.7.2\testcontainers-1.7.2.jar;C:\Users\chenwang2017\.m2\repository\org\slf4j\slf4j-api\1.7.25\slf4j-api-1.7.25.jar;C:\Users\chenwang2017\.m2\repository\org\slf4j\slf4j-ext\1.7.25\slf4j-ext-1.7.25.jar;C:\Users\chenwang2017\.m2\repository\org\jetbrains\annotations\15.0\annotations-15.0.jar;C:\Users\chenwang2017\.m2\repository\com\google\code\findbugs\jsr305\3.0.2\jsr305-3.0.2.jar;C:\Users\chenwang2017\.m2\repository\org\apache\commons\commons-compress\1.15\commons-compress-1.15.jar;C:\Users\chenwang2017\.m2\repository\javax\xml\bind\jaxb-api\2.3.0\jaxb-api-2.3.0.jar;C:\Users\chenwang2017\.m2\repository\org\rnorth\duct-tape\duct-tape\1.0.7\duct-tape-1.0.7.jar;C:\Users\chenwang2017\.m2\repository\org\rnorth\visible-assertions\visible-assertions\2.1.0\visible-assertions-2.1.0.jar;C:\Users\chenwang2017\.m2\repository\net\java\dev\jna\jna\4.5.1\jna-4.5.1.jar;C:\Users\chenwang2017\.m2\repository\org\projectlombok\lombok\1.16.20\lombok-1.16.20.jar;C:\Users\chenwang2017\.m2\repository\com\google\code\gson\gson\2.8.2\gson-2.8.2.jar;C:\Users\chenwang2017\.m2\repository\io\springfox\springfox-swagger2\2.9.2\springfox-swagger2-2.9.2.jar;C:\Users\chenwang2017\.m2\repository\io\swagger\swagger-annotations\1.5.20\swagger-annotations-1.5.20.jar;C:\Users\chenwang2017\.m2\repository\io\swagger\swagger-models\1.5.20\swagger-models-1.5.20.jar;C:\Users\chenwang2017\.m2\repository\com\fasterxml\jackson\core\jackson-annotations\2.9.0\jackson-annotations-2.9.0.jar;C:\Users\chenwang2017\.m2\repository\io\springfox\springfox-spi\2.9.2\springfox-spi-2.9.2.jar;C:\Users\chenwang2017\.m2\repository\io\springfox\springfox-core\2.9.2\springfox-core-2.9.2.jar;C:\Users\chenwang2017\.m2\repository\io\springfox\springfox-schema\2.9.2\springfox-schema-2.9.2.jar;C:\Users\chenwang2017\.m2\repository\io\springfox\springfox-swagger-common\2.9.2\springfox-swagger-common-2.9.2.jar;C:\Users\chenwang2017\.m2\repository\io\springfox\springfox-spring-web\2.9.2\springfox-spring-web-2.9.2.jar;C:\Users\chenwang2017\.m2\repository\com\google\guava\guava\20.0\guava-20.0.jar;C:\Users\chenwang2017\.m2\repository\com\fasterxml\classmate\1.3.4\classmate-1.3.4.jar;C:\Users\chenwang2017\.m2\repository\org\springframework\plugin\spring-plugin-core\1.2.0.RELEASE\spring-plugin-core-1.2.0.RELEASE.jar;C:\Users\chenwang2017\.m2\repository\org\springframework\plugin\spring-plugin-metadata\1.2.0.RELEASE\spring-plugin-metadata-1.2.0.RELEASE.jar;C:\Users\chenwang2017\.m2\repository\org\mapstruct\mapstruct\1.2.0.Final\mapstruct-1.2.0.Final.jar;C:\Users\chenwang2017\.m2\repository\io\springfox\springfox-swagger-ui\2.9.2\springfox-swagger-ui-2.9.2.jar;, user.name=chenwang2017, java.vm.specification.version=1.8, sun.java.command=C:\Users\CHENWA~1\AppData\Local\Temp\surefire3747071138435779591\surefirebooter8623729944795390101.jar C:\Users\chenwang2017\AppData\Local\Temp\surefire3747071138435779591 2018-10-08T14-40-00_274-jvmRun1 surefire360149379597483172tmp surefire_03064063267398987322tmp, java.home=C:\Program Files\Java\jdk1.8.0_131\jre, sun.arch.data.model=64, user.language=en, java.specification.vendor=Oracle Corporation, awt.toolkit=sun.awt.windows.WToolkit, java.vm.info=mixed mode, java.version=1.8.0_131, java.ext.dirs=C:\Program Files\Java\jdk1.8.0_131\jre\lib\ext;C:\Windows\Sun\Java\lib\ext, sun.boot.class.path=C:\Program Files\Java\jdk1.8.0_131\jre\lib\resources.jar;C:\Program Files\Java\jdk1.8.0_131\jre\lib\rt.jar;C:\Program Files\Java\jdk1.8.0_131\jre\lib\sunrsasign.jar;C:\Program Files\Java\jdk1.8.0_131\jre\lib\jsse.jar;C:\Program Files\Java\jdk1.8.0_131\jre\lib\jce.jar;C:\Program Files\Java\jdk1.8.0_131\jre\lib\charsets.jar;C:\Program Files\Java\jdk1.8.0_131\jre\lib\jfr.jar;C:\Program Files\Java\jdk1.8.0_131\jre\classes, java.vendor=Oracle Corporation, localRepository=C:\Users\chenwang2017\.m2\repository, file.separator=\, java.vendor.url.bug=http://bugreport.sun.com/bugreport/, sun.io.unicode.encoding=UnicodeLittle, sun.cpu.endian=little, sun.desktop=windows, sun.cpu.isalist=amd64}}, SystemEnvironmentPropertySource@1029472813 {name='systemEnvironment', properties={PATH=C:\ProgramData\Anaconda3\Scripts;C:\gradle-3.5\bin;C:\Python33\;C:\Program Files\Java\jdk1.8.0_131\bin;C:\spark-2.1.0-bin-hadoop2.4\bin;C:\apache-maven-3.5.0\bin;C:\ProgramData\Oracle\Java\javapath;C:\Windows\system32;C:\Windows;C:\Windows\System32\Wbem;C:\Windows\System32\WindowsPowerShell\v1.0\;C:\Program Files\Intel\WiFi\bin\;C:\Program Files\Common Files\Intel\WirelessCommon\;C:\Program Files (x86)\Lenovo\Password Manager\;C:\Program Files (x86)\Skype\Phone\;C:\Program Files\Git\cmd;C:\Program Files (x86)\Lenovo\Access Connections\;C:\Program Files (x86)\sbt\bin;C:\Program Files\PuTTY\;C:\Program Files\Intel\WiFi\bin\;C:\Program Files\Common Files\Intel\WirelessCommon\, PROCESSOR_LEVEL=6, SYSTEMDRIVE=C:, FP_NO_HOST_CHECK=NO, ACPATH=C:\Program Files (x86)\Lenovo\Access Connections\, SESSIONNAME=RDP-Tcp#0, ALLUSERSPROFILE=C:\ProgramData, PROCESSOR_ARCHITECTURE=AMD64, MAVEN_HOME=C:\apache-maven-3.5.0\bin\.., PROGRAMFILES=C:\Program Files, TVT=C:\Program Files (x86)\Lenovo, PSMODULEPATH=C:\Windows\system32\WindowsPowerShell\v1.0\Modules\, PROGRAMDATA=C:\ProgramData, USERNAME=chenwang2017, WDIR=C:\, PYTHONPATH=C:\ProgramData\Anaconda3, PATHEXT=.COM;.EXE;.BAT;.CMD;.VBS;.VBE;.JS;.JSE;.WSF;.WSH;.MSC, CLASSWORLDS_JAR="C:\apache-maven-3.5.0\bin\..\boot\plexus-classworlds-2.5.2.jar", PYSPARK_DRIVER_PYTHON=jupyter, WINDIR=C:\Windows, HOMEPATH=\Users\chenwang2017, PROCESSOR_IDENTIFIER=Intel64 Family 6 Model 58 Stepping 9, GenuineIntel, HADOOP_HOME=C:\Hadoop, PUBLIC=C:\Users\Public, =EXITCODE=00000001, LOCALAPPDATA=C:\Users\chenwang2017\AppData\Local, COMMONPROGRAMFILES(X86)=C:\Program Files (x86)\Common Files, USERDOMAIN=W530, LOGONSERVER=\\W530, JAVA_HOME=C:\Program Files\Java\jdk1.8.0_131, PROMPT=$P$G, PROGRAMFILES(X86)=C:\Program Files (x86), ERROR_CODE=0, EXEC_DIR=C:\Users\chenwang2017\git\elasticsearch-poc\springboot-mvc-rest-demo, =C:=C:\Users\chenwang2017\git\elasticsearch-poc\springboot-mvc-rest-demo, APPDATA=C:\Users\chenwang2017\AppData\Roaming, PROGRAMW6432=C:\Program Files, SYSTEMROOT=C:\Windows, MAVEN_CMD_LINE_ARGS=package, OS=Windows_NT, COMMONPROGRAMW6432=C:\Program Files\Common Files, COMPUTERNAME=W530, COMMONPROGRAMFILES=C:\Program Files\Common Files, COMSPEC=C:\Windows\system32\cmd.exe, PYSPARK_DRIVER_PYTHON_OPTS=notebook, SBT_HOME=C:\Program Files (x86)\sbt\, JAVACMD=C:\Program Files\Java\jdk1.8.0_131\bin\java.exe, MAVEN_PROJECTBASEDIR=C:\Users\chenwang2017\git\elasticsearch-poc\springboot-mvc-rest-demo, PROCESSOR_REVISION=3a09, CLASSWORLDS_LAUNCHER=org.codehaus.plexus.classworlds.launcher.Launcher, TEMP=C:\Users\CHENWA~1\AppData\Local\Temp, TFS_DIR=C:\Program Files\ThinkVantage Fingerprint Software\, HOMEDRIVE=C:, USERPROFILE=C:\Users\chenwang2017, TMP=C:\Users\CHENWA~1\AppData\Local\Temp, NUMBER_OF_PROCESSORS=8, JVMCONFIG=\.mvn\jvm.config, CLIENTNAME=T430}}]
14:40:01.483 [main] DEBUG org.springframework.core.env.StandardEnvironment - Adding PropertySource 'test' with highest search precedence
14:40:01.484 [main] DEBUG org.springframework.core.env.StandardEnvironment - Adding PropertySource 'configurationProperties' with highest search precedence
14:40:01.487 [main] DEBUG org.springframework.test.context.support.TestPropertySourceUtils - Adding inlined properties to environment: {spring.jmx.enabled=false, org.springframework.boot.test.context.SpringBootTestContextBootstrapper=true, server.port=-1}
14:40:01.487 [main] DEBUG org.springframework.core.env.StandardEnvironment - Adding PropertySource 'Inlined Test Properties' with highest search precedence

  .   ____          _            __ _ _
 /\\ / ___'_ __ _ _(_)_ __  __ _ \ \ \ \
( ( )\___ | '_ | '_| | '_ \/ _` | \ \ \ \
 \\/  ___)| |_)| | | | | || (_| |  ) ) ) )
  '  |____| .__|_| |_|_| |_\__, | / / / /
 =========|_|==============|___/=/_/_/_/
 :: Spring Boot ::  (v2.0.0.BUILD-SNAPSHOT)

2018-10-08 14:40:01.936  INFO 4632 --- [           main] com.apress.demo.ESClientTest             : Starting ESClientTest on W530 with PID 4632 (started by chenwang2017 in C:\Users\chenwang2017\git\elasticsearch-poc\springboot-mvc-rest-demo)
2018-10-08 14:40:01.937  INFO 4632 --- [           main] com.apress.demo.ESClientTest             : The following profiles are active: test
2018-10-08 14:40:02.012  INFO 4632 --- [           main] o.s.w.c.s.GenericWebApplicationContext   : Refreshing org.springframework.web.context.support.GenericWebApplicationContext@291a7e3c: startup date [Mon Oct 08 14:40:01 EDT 2018]; root of context hierarchy
2018-10-08 14:40:03.600  INFO 4632 --- [           main] trationDelegate$BeanPostProcessorChecker : Bean 'org.springframework.transaction.annotation.ProxyTransactionManagementConfiguration' of type [org.springframework.transaction.annotation.ProxyTransactionManagementConfiguration$$EnhancerBySpringCGLIB$$7adfaa0a] is not eligible for getting processed by all BeanPostProcessors (for example: not eligible for auto-proxying)
2018-10-08 14:40:03.850  INFO 4632 --- [           main] com.zaxxer.hikari.HikariDataSource       : HikariPool-1 - Starting...
2018-10-08 14:40:04.048  INFO 4632 --- [           main] com.zaxxer.hikari.HikariDataSource       : HikariPool-1 - Start completed.
2018-10-08 14:40:04.120  INFO 4632 --- [           main] j.LocalContainerEntityManagerFactoryBean : Building JPA container EntityManagerFactory for persistence unit 'default'
2018-10-08 14:40:04.138  INFO 4632 --- [           main] o.hibernate.jpa.internal.util.LogHelper  : HHH000204: Processing PersistenceUnitInfo [
	name: default
	...]
2018-10-08 14:40:04.216  INFO 4632 --- [           main] org.hibernate.Version                    : HHH000412: Hibernate Core {5.2.14.Final}
2018-10-08 14:40:04.217  INFO 4632 --- [           main] org.hibernate.cfg.Environment            : HHH000206: hibernate.properties not found
2018-10-08 14:40:04.258  INFO 4632 --- [           main] o.hibernate.annotations.common.Version   : HCANN000001: Hibernate Commons Annotations {5.0.1.Final}
2018-10-08 14:40:04.372  INFO 4632 --- [           main] org.hibernate.dialect.Dialect            : HHH000400: Using dialect: org.hibernate.dialect.H2Dialect
2018-10-08 14:40:05.077  INFO 4632 --- [           main] o.h.t.schema.internal.SchemaCreatorImpl  : HHH000476: Executing import script 'org.hibernate.tool.schema.internal.exec.ScriptSourceInputNonExistentImpl@49cc9b2a'
2018-10-08 14:40:05.082  INFO 4632 --- [           main] j.LocalContainerEntityManagerFactoryBean : Initialized JPA EntityManagerFactory for persistence unit 'default'
2018-10-08 14:40:05.227  INFO 4632 --- [           main] o.s.jdbc.datasource.init.ScriptUtils     : Executing SQL script from URL [file:/C:/Users/chenwang2017/git/elasticsearch-poc/springboot-mvc-rest-demo/target/classes/data.sql]
2018-10-08 14:40:05.237  INFO 4632 --- [           main] o.s.jdbc.datasource.init.ScriptUtils     : Executed SQL script from URL [file:/C:/Users/chenwang2017/git/elasticsearch-poc/springboot-mvc-rest-demo/target/classes/data.sql] in 10 ms.
2018-10-08 14:40:06.478  WARN 4632 --- [           main] aWebConfiguration$JpaWebMvcConfiguration : spring.jpa.open-in-view is enabled by default. Therefore, database queries may be performed during view rendering. Explicitly configure spring.jpa.open-in-view to disable this warning
2018-10-08 14:40:06.593  INFO 4632 --- [           main] s.w.s.m.m.a.RequestMappingHandlerMapping : Mapped "{[/posts],methods=[POST]}" onto public org.springframework.http.ResponseEntity<?> com.apress.demo.controllers.PostController.createPost(com.apress.demo.entities.Post,org.springframework.validation.BindingResult)
2018-10-08 14:40:06.596  INFO 4632 --- [           main] s.w.s.m.m.a.RequestMappingHandlerMapping : Mapped "{[/posts],methods=[GET]}" onto public java.util.List<com.apress.demo.entities.Post> com.apress.demo.controllers.PostController.listPosts()
2018-10-08 14:40:06.596  INFO 4632 --- [           main] s.w.s.m.m.a.RequestMappingHandlerMapping : Mapped "{[/posts/{id}],methods=[GET]}" onto public com.apress.demo.entities.Post com.apress.demo.controllers.PostController.getPost(java.lang.Integer)
2018-10-08 14:40:06.596  INFO 4632 --- [           main] s.w.s.m.m.a.RequestMappingHandlerMapping : Mapped "{[/posts/{id}],methods=[PUT]}" onto public com.apress.demo.entities.Post com.apress.demo.controllers.PostController.updatePost(java.lang.Integer,com.apress.demo.entities.Post,org.springframework.validation.BindingResult)
2018-10-08 14:40:06.596  INFO 4632 --- [           main] s.w.s.m.m.a.RequestMappingHandlerMapping : Mapped "{[/posts/{id}],methods=[DELETE]}" onto public void com.apress.demo.controllers.PostController.deletePost(java.lang.Integer)
2018-10-08 14:40:06.596  INFO 4632 --- [           main] s.w.s.m.m.a.RequestMappingHandlerMapping : Mapped "{[/posts/{postId}/comments/{commentId}],methods=[GET]}" onto public com.apress.demo.entities.Comment com.apress.demo.controllers.PostController.getPostComment(java.lang.Integer,java.lang.Integer)
2018-10-08 14:40:06.598  INFO 4632 --- [           main] s.w.s.m.m.a.RequestMappingHandlerMapping : Mapped "{[/posts/{id}/comments],methods=[POST]}" onto public void com.apress.demo.controllers.PostController.createPostComment(java.lang.Integer,com.apress.demo.entities.Comment)
2018-10-08 14:40:06.598  INFO 4632 --- [           main] s.w.s.m.m.a.RequestMappingHandlerMapping : Mapped "{[/posts/{postId}/comments/{commentId}],methods=[DELETE]}" onto public void com.apress.demo.controllers.PostController.deletePostComment(java.lang.Integer,java.lang.Integer)
2018-10-08 14:40:06.603  INFO 4632 --- [           main] s.w.s.m.m.a.RequestMappingHandlerMapping : Mapped "{[/api/update],methods=[POST],consumes=[application/json;charset=utf-8]}" onto public java.lang.String com.apress.demo.controllers.RestRequestController.update(com.apress.demo.entities.Document)
2018-10-08 14:40:06.603  INFO 4632 --- [           main] s.w.s.m.m.a.RequestMappingHandlerMapping : Mapped "{[/api/delete],methods=[GET]}" onto public void com.apress.demo.controllers.RestRequestController.delete(java.lang.String)
2018-10-08 14:40:06.603  INFO 4632 --- [           main] s.w.s.m.m.a.RequestMappingHandlerMapping : Mapped "{[/api/create],methods=[POST],consumes=[application/json;charset=utf-8]}" onto public java.lang.String com.apress.demo.controllers.RestRequestController.create(com.apress.demo.entities.Document)
2018-10-08 14:40:06.606  INFO 4632 --- [           main] s.w.s.m.m.a.RequestMappingHandlerMapping : Mapped "{[/api/search],methods=[GET]}" onto public java.util.List<com.apress.demo.entities.Document> com.apress.demo.controllers.RestRequestController.search(java.lang.String)
2018-10-08 14:40:06.606  INFO 4632 --- [           main] s.w.s.m.m.a.RequestMappingHandlerMapping : Mapped "{[/api/searchStr],methods=[GET]}" onto public java.util.List<com.fasterxml.jackson.databind.JsonNode> com.apress.demo.controllers.RestRequestController.searchStr(java.lang.String)
2018-10-08 14:40:06.606  INFO 4632 --- [           main] s.w.s.m.m.a.RequestMappingHandlerMapping : Mapped "{[/api/all],methods=[GET],produces=[application/json;charset=utf-8]}" onto public java.util.List<com.apress.demo.entities.Document> com.apress.demo.controllers.RestRequestController.getAllDocuments()
2018-10-08 14:40:06.606  INFO 4632 --- [           main] s.w.s.m.m.a.RequestMappingHandlerMapping : Mapped "{[/api/searchSrcFilters],methods=[GET]}" onto public java.util.List<com.fasterxml.jackson.databind.JsonNode> com.apress.demo.controllers.RestRequestController.searchSrcFilters(java.lang.String,java.lang.String[],java.lang.String[],int,int)
2018-10-08 14:40:06.611  INFO 4632 --- [           main] s.w.s.m.m.a.RequestMappingHandlerMapping : Mapped "{[/swagger-resources/configuration/ui]}" onto public org.springframework.http.ResponseEntity<springfox.documentation.swagger.web.UiConfiguration> springfox.documentation.swagger.web.ApiResourceController.uiConfiguration()
2018-10-08 14:40:06.611  INFO 4632 --- [           main] s.w.s.m.m.a.RequestMappingHandlerMapping : Mapped "{[/swagger-resources]}" onto public org.springframework.http.ResponseEntity<java.util.List<springfox.documentation.swagger.web.SwaggerResource>> springfox.documentation.swagger.web.ApiResourceController.swaggerResources()
2018-10-08 14:40:06.613  INFO 4632 --- [           main] s.w.s.m.m.a.RequestMappingHandlerMapping : Mapped "{[/swagger-resources/configuration/security]}" onto public org.springframework.http.ResponseEntity<springfox.documentation.swagger.web.SecurityConfiguration> springfox.documentation.swagger.web.ApiResourceController.securityConfiguration()
2018-10-08 14:40:06.618  INFO 4632 --- [           main] s.w.s.m.m.a.RequestMappingHandlerMapping : Mapped "{[/error]}" onto public org.springframework.http.ResponseEntity<java.util.Map<java.lang.String, java.lang.Object>> org.springframework.boot.autoconfigure.web.servlet.error.BasicErrorController.error(javax.servlet.http.HttpServletRequest)
2018-10-08 14:40:06.618  INFO 4632 --- [           main] s.w.s.m.m.a.RequestMappingHandlerMapping : Mapped "{[/error],produces=[text/html]}" onto public org.springframework.web.servlet.ModelAndView org.springframework.boot.autoconfigure.web.servlet.error.BasicErrorController.errorHtml(javax.servlet.http.HttpServletRequest,javax.servlet.http.HttpServletResponse)
2018-10-08 14:40:07.220  INFO 4632 --- [           main] o.elasticsearch.plugins.PluginsService   : no modules loaded
2018-10-08 14:40:07.220  INFO 4632 --- [           main] o.elasticsearch.plugins.PluginsService   : loaded plugin [org.elasticsearch.index.reindex.ReindexPlugin]
2018-10-08 14:40:07.220  INFO 4632 --- [           main] o.elasticsearch.plugins.PluginsService   : loaded plugin [org.elasticsearch.join.ParentJoinPlugin]
2018-10-08 14:40:07.220  INFO 4632 --- [           main] o.elasticsearch.plugins.PluginsService   : loaded plugin [org.elasticsearch.percolator.PercolatorPlugin]
2018-10-08 14:40:07.220  INFO 4632 --- [           main] o.elasticsearch.plugins.PluginsService   : loaded plugin [org.elasticsearch.script.mustache.MustachePlugin]
2018-10-08 14:40:07.220  INFO 4632 --- [           main] o.elasticsearch.plugins.PluginsService   : loaded plugin [org.elasticsearch.transport.Netty4Plugin]
2018-10-08 14:40:07.300  INFO 4632 --- [           main] i.netty.util.internal.PlatformDependent  : Your platform does not provide complete low-level API for accessing direct buffers reliably. Unless explicitly requested, heap buffer will always be preferred to avoid potential system instability.
2018-10-08 14:40:08.602  WARN 4632 --- [           main] o.e.c.t.TransportClientNodesService      : node {#transport#-1}{wgBayQ4zQDOev4HfpWWLQA}{10.166.176.110}{10.166.176.110:9300} not part of the cluster Cluster [elasticsearch], ignoring...
2018-10-08 14:40:08.677  INFO 4632 --- [           main] pertySourcedRequestMappingHandlerMapping : Mapped URL path [/v2/api-docs] onto method [public org.springframework.http.ResponseEntity<springfox.documentation.spring.web.json.Json> springfox.documentation.swagger2.web.Swagger2Controller.getDocumentation(java.lang.String,javax.servlet.http.HttpServletRequest)]
2018-10-08 14:40:09.349  INFO 4632 --- [           main] s.w.s.m.m.a.RequestMappingHandlerAdapter : Looking for @ControllerAdvice: org.springframework.web.context.support.GenericWebApplicationContext@291a7e3c: startup date [Mon Oct 08 14:40:01 EDT 2018]; root of context hierarchy
2018-10-08 14:40:09.436  INFO 4632 --- [           main] o.s.w.s.handler.SimpleUrlHandlerMapping  : Mapped URL path [/webjars/**] onto handler of type [class org.springframework.web.servlet.resource.ResourceHttpRequestHandler]
2018-10-08 14:40:09.439  INFO 4632 --- [           main] o.s.w.s.handler.SimpleUrlHandlerMapping  : Mapped URL path [/**] onto handler of type [class org.springframework.web.servlet.resource.ResourceHttpRequestHandler]
2018-10-08 14:40:09.459  INFO 4632 --- [           main] .m.m.a.ExceptionHandlerExceptionResolver : Detected @ExceptionHandler methods in globalExceptionHandler
2018-10-08 14:40:09.494  INFO 4632 --- [           main] o.s.w.s.handler.SimpleUrlHandlerMapping  : Mapped URL path [/**/favicon.ico] onto handler of type [class org.springframework.web.servlet.resource.ResourceHttpRequestHandler]
2018-10-08 14:40:09.804  INFO 4632 --- [           main] o.s.c.support.DefaultLifecycleProcessor  : Starting beans in phase 2147483647
2018-10-08 14:40:09.804  INFO 4632 --- [           main] d.s.w.p.DocumentationPluginsBootstrapper : Context refreshed
2018-10-08 14:40:09.842  INFO 4632 --- [           main] d.s.w.p.DocumentationPluginsBootstrapper : Found 1 custom documentation plugin(s)
2018-10-08 14:40:09.904  INFO 4632 --- [           main] s.d.s.w.s.ApiListingReferenceScanner     : Scanning for api listing references
2018-10-08 14:40:10.167  INFO 4632 --- [           main] com.apress.demo.ESClientTest             : Started ESClientTest in 8.67 seconds (JVM running for 9.462)
using host:10.166.176.110
http port:9200
elasticContainer ImageUrl :docker.elastic.co/elasticsearch/elasticsearch
Index name :ga_day_index-0907,ga_day_index-0908
]]></system-out>
  </testcase>
  <testcase name="testB" classname="com.apress.demo.ESClientTest" time="0.092"/>
  <testcase name="testC" classname="com.apress.demo.ESClientTest" time="0.1"/>
</testsuite>