<?xml version="1.0" encoding="UTF-8"?>
<testsuite xmlns:xsi="http://www.w3.org/2001/XMLSchema-instance" xsi:noNamespaceSchemaLocation="https://maven.apache.org/surefire/maven-surefire-plugin/xsd/surefire-test-report.xsd" name="com.apress.demo.SpringbootMvcRestDemoApplicationTest" time="0.537" tests="1" errors="1" skipped="0" failures="0">
  <properties>
[...]
</properties>
  <testcase name="initializationError" classname="com.apress.demo.SpringbootMvcRestDemoApplicationTest" time="0">
    <error message="Found multiple @SpringBootConfiguration annotated classes [Generic bean: class [com.apress.demo.ElasticSearchStarter]; scope=; abstract=false; lazyInit=false; autowireMode=0; dependencyCheck=0; autowireCandidate=true; primary=false; factoryBeanName=null; factoryMethodName=null; initMethodName=null; destroyMethodName=null; defined in file [C:\Users\chenwang2017\workspace\springboot-mvc-rest-demo\target\classes\com\apress\demo\ElasticSearchStarter.class], Generic bean: class [com.apress.demo.SpringbootMvcRestDemoApplication]; scope=; abstract=false; lazyInit=false; autowireMode=0; dependencyCheck=0; autowireCandidate=true; primary=false; factoryBeanName=null; factoryMethodName=null; initMethodName=null; destroyMethodName=null; defined in file [C:\Users\chenwang2017\workspace\springboot-mvc-rest-demo\target\classes\com\apress\demo\SpringbootMvcRestDemoApplication.class]]" type="java.lang.IllegalStateException">java.lang.IllegalStateException: Found multiple @SpringBootConfiguration annotated classes [Generic bean: class [com.apress.demo.ElasticSearchStarter]; scope=; abstract=false; lazyInit=false; autowireMode=0; dependencyCheck=0; autowireCandidate=true; primary=false; factoryBeanName=null; factoryMethodName=null; initMethodName=null; destroyMethodName=null; defined in file [C:\Users\chenwang2017\workspace\springboot-mvc-rest-demo\target\classes\com\apress\demo\ElasticSearchStarter.class], Generic bean: class [com.apress.demo.SpringbootMvcRestDemoApplication]; scope=; abstract=false; lazyInit=false; autowireMode=0; dependencyCheck=0; autowireCandidate=true; primary=false; factoryBeanName=null; factoryMethodName=null; initMethodName=null; destroyMethodName=null; defined in file [C:\Users\chenwang2017\workspace\springboot-mvc-rest-demo\target\classes\com\apress\demo\SpringbootMvcRestDemoApplication.class]]
</error>
    <system-out><![CDATA[21:03:15.954 [main] DEBUG org.springframework.test.context.junit4.SpringJUnit4ClassRunner - SpringJUnit4ClassRunner constructor called with [class com.apress.demo.SpringbootMvcRestDemoApplicationTest]
21:03:15.961 [main] DEBUG org.springframework.test.context.BootstrapUtils - Instantiating CacheAwareContextLoaderDelegate from class [org.springframework.test.context.cache.DefaultCacheAwareContextLoaderDelegate]
21:03:15.969 [main] DEBUG org.springframework.test.context.BootstrapUtils - Instantiating BootstrapContext using constructor [public org.springframework.test.context.support.DefaultBootstrapContext(java.lang.Class,org.springframework.test.context.CacheAwareContextLoaderDelegate)]
21:03:15.987 [main] DEBUG org.springframework.test.context.BootstrapUtils - Instantiating TestContextBootstrapper for test class [com.apress.demo.SpringbootMvcRestDemoApplicationTest] from class [org.springframework.boot.test.context.SpringBootTestContextBootstrapper]
21:03:15.999 [main] INFO org.springframework.boot.test.context.SpringBootTestContextBootstrapper - Neither @ContextConfiguration nor @ContextHierarchy found for test class [com.apress.demo.SpringbootMvcRestDemoApplicationTest], using SpringBootContextLoader
21:03:16.003 [main] DEBUG org.springframework.test.context.support.AbstractContextLoader - Did not detect default resource location for test class [com.apress.demo.SpringbootMvcRestDemoApplicationTest]: class path resource [com/apress/demo/SpringbootMvcRestDemoApplicationTest-context.xml] does not exist
21:03:16.003 [main] DEBUG org.springframework.test.context.support.AbstractContextLoader - Did not detect default resource location for test class [com.apress.demo.SpringbootMvcRestDemoApplicationTest]: class path resource [com/apress/demo/SpringbootMvcRestDemoApplicationTestContext.groovy] does not exist
21:03:16.003 [main] INFO org.springframework.test.context.support.AbstractContextLoader - Could not detect default resource locations for test class [com.apress.demo.SpringbootMvcRestDemoApplicationTest]: no resource found for suffixes {-context.xml, Context.groovy}.
21:03:16.004 [main] INFO org.springframework.test.context.support.AnnotationConfigContextLoaderUtils - Could not detect default configuration classes for test class [com.apress.demo.SpringbootMvcRestDemoApplicationTest]: SpringbootMvcRestDemoApplicationTest does not declare any static, non-private, non-final, nested classes annotated with @Configuration.
21:03:16.048 [main] DEBUG org.springframework.test.context.support.ActiveProfilesUtils - Could not find an 'annotation declaring class' for annotation type [org.springframework.test.context.ActiveProfiles] and class [com.apress.demo.SpringbootMvcRestDemoApplicationTest]
21:03:16.056 [main] DEBUG org.springframework.core.env.StandardEnvironment - Adding PropertySource 'systemProperties' with lowest search precedence
21:03:16.056 [main] DEBUG org.springframework.core.env.StandardEnvironment - Adding PropertySource 'systemEnvironment' with lowest search precedence
21:03:16.056 [main] DEBUG org.springframework.core.env.StandardEnvironment - Initialized StandardEnvironment with PropertySources [MapPropertySource@1405747618 {name='systemProperties', properties={java.runtime.name=Java(TM) SE Runtime Environment, sun.boot.library.path=C:\Program Files\Java\jdk1.8.0_131\jre\bin, java.vm.version=25.131-b11, java.vm.vendor=Oracle Corporation, java.vendor.url=http://java.oracle.com/, path.separator=;, java.vm.name=Java HotSpot(TM) 64-Bit Server VM, file.encoding.pkg=sun.io, user.country=US, user.script=, sun.java.launcher=SUN_STANDARD, sun.os.patch.level=, java.vm.specification.name=Java Virtual Machine Specification, user.dir=C:\Users\chenwang2017\workspace\springboot-mvc-rest-demo, java.runtime.version=1.8.0_131-b11, basedir=C:\Users\chenwang2017\workspace\springboot-mvc-rest-demo, java.awt.graphicsenv=sun.awt.Win32GraphicsEnvironment, java.endorsed.dirs=C:\Program Files\Java\jdk1.8.0_131\jre\lib\endorsed, os.arch=amd64, surefire.real.class.path=C:\Users\CHENWA~1\AppData\Local\Temp\surefire6601324226906098686\surefirebooter2449571097254580765.jar, java.io.tmpdir=C:\Users\CHENWA~1\AppData\Local\Temp\, line.separator=
, java.vm.specification.vendor=Oracle Corporation, user.variant=, os.name=Windows 7, sun.jnu.encoding=Cp1252, java.library.path=C:\Program Files\Java\jdk1.8.0_131\jre\bin;C:\Windows\Sun\Java\bin;C:\Windows\system32;C:\Windows;C:\ProgramData\Anaconda3\Scripts;C:\gradle-3.5\bin;C:\Python33\;C:\Program Files\Java\jdk1.8.0_131\bin;C:\spark-2.1.0-bin-hadoop2.4\bin;C:\apache-maven-3.5.0\bin;C:\ProgramData\Oracle\Java\javapath;C:\Windows\system32;C:\Windows;C:\Windows\System32\Wbem;C:\Windows\System32\WindowsPowerShell\v1.0\;C:\Program Files\Intel\WiFi\bin\;C:\Program Files\Common Files\Intel\WirelessCommon\;C:\Program Files (x86)\Lenovo\Password Manager\;C:\Program Files (x86)\Skype\Phone\;C:\Program Files\Git\cmd;C:\Program Files (x86)\Lenovo\Access Connections\;C:\Program Files (x86)\sbt\bin;C:\Program Files\PuTTY\;C:\Program Files\Intel\WiFi\bin\;C:\Program Files\Common Files\Intel\WirelessCommon\;., surefire.test.class.path=C:\Users\chenwang2017\workspace\springboot-mvc-rest-demo\target\test-classes;C:\Users\chenwang2017\workspace\springboot-mvc-rest-demo\target\classes;C:\Users\chenwang2017\.m2\repository\org\springframework\boot\spring-boot-starter-web\2.0.0.BUILD-SNAPSHOT\spring-boot-starter-web-2.0.0.BUILD-SNAPSHOT.jar;C:\Users\chenwang2017\.m2\repository\org\springframework\boot\spring-boot-starter-json\2.0.0.BUILD-SNAPSHOT\spring-boot-starter-json-2.0.0.BUILD-SNAPSHOT.jar;C:\Users\chenwang2017\.m2\repository\com\fasterxml\jackson\core\jackson-databind\2.9.4\jackson-databind-2.9.4.jar;C:\Users\chenwang2017\.m2\repository\com\fasterxml\jackson\core\jackson-annotations\2.9.0\jackson-annotations-2.9.0.jar;C:\Users\chenwang2017\.m2\repository\com\fasterxml\jackson\datatype\jackson-datatype-jdk8\2.9.4\jackson-datatype-jdk8-2.9.4.jar;C:\Users\chenwang2017\.m2\repository\com\fasterxml\jackson\datatype\jackson-datatype-jsr310\2.9.4\jackson-datatype-jsr310-2.9.4.jar;C:\Users\chenwang2017\.m2\repository\com\fasterxml\jackson\module\jackson-module-parameter-names\2.9.4\jackson-module-parameter-names-2.9.4.jar;C:\Users\chenwang2017\.m2\repository\org\springframework\boot\spring-boot-starter-tomcat\2.0.0.BUILD-SNAPSHOT\spring-boot-starter-tomcat-2.0.0.BUILD-SNAPSHOT.jar;C:\Users\chenwang2017\.m2\repository\org\apache\tomcat\embed\tomcat-embed-core\8.5.28\tomcat-embed-core-8.5.28.jar;C:\Users\chenwang2017\.m2\repository\org\apache\tomcat\embed\tomcat-embed-el\8.5.28\tomcat-embed-el-8.5.28.jar;C:\Users\chenwang2017\.m2\repository\org\apache\tomcat\embed\tomcat-embed-websocket\8.5.28\tomcat-embed-websocket-8.5.28.jar;C:\Users\chenwang2017\.m2\repository\org\hibernate\validator\hibernate-validator\6.0.7.Final\hibernate-validator-6.0.7.Final.jar;C:\Users\chenwang2017\.m2\repository\javax\validation\validation-api\2.0.1.Final\validation-api-2.0.1.Final.jar;C:\Users\chenwang2017\.m2\repository\org\jboss\logging\jboss-logging\3.3.2.Final\jboss-logging-3.3.2.Final.jar;C:\Users\chenwang2017\.m2\repository\com\fasterxml\classmate\1.3.4\classmate-1.3.4.jar;C:\Users\chenwang2017\.m2\repository\org\springframework\spring-web\5.0.4.RELEASE\spring-web-5.0.4.RELEASE.jar;C:\Users\chenwang2017\.m2\repository\org\springframework\spring-beans\5.0.4.RELEASE\spring-beans-5.0.4.RELEASE.jar;C:\Users\chenwang2017\.m2\repository\org\springframework\spring-webmvc\5.0.4.RELEASE\spring-webmvc-5.0.4.RELEASE.jar;C:\Users\chenwang2017\.m2\repository\org\springframework\spring-aop\5.0.4.RELEASE\spring-aop-5.0.4.RELEASE.jar;C:\Users\chenwang2017\.m2\repository\org\springframework\spring-context\5.0.4.RELEASE\spring-context-5.0.4.RELEASE.jar;C:\Users\chenwang2017\.m2\repository\org\springframework\spring-expression\5.0.4.RELEASE\spring-expression-5.0.4.RELEASE.jar;C:\Users\chenwang2017\.m2\repository\org\springframework\boot\spring-boot-starter\2.0.0.BUILD-SNAPSHOT\spring-boot-starter-2.0.0.BUILD-SNAPSHOT.jar;C:\Users\chenwang2017\.m2\repository\org\springframework\boot\spring-boot\2.0.0.BUILD-SNAPSHOT\spring-boot-2.0.0.BUILD-SNAPSHOT.jar;C:\Users\chenwang2017\.m2\repository\org\springframework\boot\spring-boot-autoconfigure\2.0.0.BUILD-SNAPSHOT\spring-boot-autoconfigure-2.0.0.BUILD-SNAPSHOT.jar;C:\Users\chenwang2017\.m2\repository\org\springframework\boot\spring-boot-starter-logging\2.0.0.BUILD-SNAPSHOT\spring-boot-starter-logging-2.0.0.BUILD-SNAPSHOT.jar;C:\Users\chenwang2017\.m2\repository\ch\qos\logback\logback-classic\1.2.3\logback-classic-1.2.3.jar;C:\Users\chenwang2017\.m2\repository\ch\qos\logback\logback-core\1.2.3\logback-core-1.2.3.jar;C:\Users\chenwang2017\.m2\repository\org\apache\logging\log4j\log4j-to-slf4j\2.10.0\log4j-to-slf4j-2.10.0.jar;C:\Users\chenwang2017\.m2\repository\org\slf4j\jul-to-slf4j\1.7.25\jul-to-slf4j-1.7.25.jar;C:\Users\chenwang2017\.m2\repository\javax\annotation\javax.annotation-api\1.3.2\javax.annotation-api-1.3.2.jar;C:\Users\chenwang2017\.m2\repository\org\springframework\spring-core\5.0.4.RELEASE\spring-core-5.0.4.RELEASE.jar;C:\Users\chenwang2017\.m2\repository\org\springframework\spring-jcl\5.0.4.RELEASE\spring-jcl-5.0.4.RELEASE.jar;C:\Users\chenwang2017\.m2\repository\org\yaml\snakeyaml\1.19\snakeyaml-1.19.jar;C:\Users\chenwang2017\.m2\repository\org\springframework\boot\spring-boot-starter-data-jpa\2.0.0.BUILD-SNAPSHOT\spring-boot-starter-data-jpa-2.0.0.BUILD-SNAPSHOT.jar;C:\Users\chenwang2017\.m2\repository\org\springframework\boot\spring-boot-starter-aop\2.0.0.BUILD-SNAPSHOT\spring-boot-starter-aop-2.0.0.BUILD-SNAPSHOT.jar;C:\Users\chenwang2017\.m2\repository\org\aspectj\aspectjweaver\1.8.13\aspectjweaver-1.8.13.jar;C:\Users\chenwang2017\.m2\repository\org\springframework\boot\spring-boot-starter-jdbc\2.0.0.BUILD-SNAPSHOT\spring-boot-starter-jdbc-2.0.0.BUILD-SNAPSHOT.jar;C:\Users\chenwang2017\.m2\repository\com\zaxxer\HikariCP\2.7.8\HikariCP-2.7.8.jar;C:\Users\chenwang2017\.m2\repository\org\springframework\spring-jdbc\5.0.4.RELEASE\spring-jdbc-5.0.4.RELEASE.jar;C:\Users\chenwang2017\.m2\repository\org\hibernate\hibernate-core\5.2.14.Final\hibernate-core-5.2.14.Final.jar;C:\Users\chenwang2017\.m2\repository\org\hibernate\javax\persistence\hibernate-jpa-2.1-api\1.0.0.Final\hibernate-jpa-2.1-api-1.0.0.Final.jar;C:\Users\chenwang2017\.m2\repository\org\javassist\javassist\3.22.0-GA\javassist-3.22.0-GA.jar;C:\Users\chenwang2017\.m2\repository\antlr\antlr\2.7.7\antlr-2.7.7.jar;C:\Users\chenwang2017\.m2\repository\org\jboss\jandex\2.0.3.Final\jandex-2.0.3.Final.jar;C:\Users\chenwang2017\.m2\repository\dom4j\dom4j\1.6.1\dom4j-1.6.1.jar;C:\Users\chenwang2017\.m2\repository\org\hibernate\common\hibernate-commons-annotations\5.0.1.Final\hibernate-commons-annotations-5.0.1.Final.jar;C:\Users\chenwang2017\.m2\repository\javax\transaction\javax.transaction-api\1.2\javax.transaction-api-1.2.jar;C:\Users\chenwang2017\.m2\repository\org\springframework\data\spring-data-jpa\2.0.5.RELEASE\spring-data-jpa-2.0.5.RELEASE.jar;C:\Users\chenwang2017\.m2\repository\org\springframework\data\spring-data-commons\2.0.5.RELEASE\spring-data-commons-2.0.5.RELEASE.jar;C:\Users\chenwang2017\.m2\repository\org\springframework\spring-orm\5.0.4.RELEASE\spring-orm-5.0.4.RELEASE.jar;C:\Users\chenwang2017\.m2\repository\org\springframework\spring-tx\5.0.4.RELEASE\spring-tx-5.0.4.RELEASE.jar;C:\Users\chenwang2017\.m2\repository\org\springframework\spring-aspects\5.0.4.RELEASE\spring-aspects-5.0.4.RELEASE.jar;C:\Users\chenwang2017\.m2\repository\org\springframework\boot\spring-boot-starter-test\2.0.0.BUILD-SNAPSHOT\spring-boot-starter-test-2.0.0.BUILD-SNAPSHOT.jar;C:\Users\chenwang2017\.m2\repository\org\springframework\boot\spring-boot-test\2.0.0.BUILD-SNAPSHOT\spring-boot-test-2.0.0.BUILD-SNAPSHOT.jar;C:\Users\chenwang2017\.m2\repository\org\springframework\boot\spring-boot-test-autoconfigure\2.0.0.BUILD-SNAPSHOT\spring-boot-test-autoconfigure-2.0.0.BUILD-SNAPSHOT.jar;C:\Users\chenwang2017\.m2\repository\com\jayway\jsonpath\json-path\2.4.0\json-path-2.4.0.jar;C:\Users\chenwang2017\.m2\repository\net\minidev\json-smart\2.3\json-smart-2.3.jar;C:\Users\chenwang2017\.m2\repository\net\minidev\accessors-smart\1.2\accessors-smart-1.2.jar;C:\Users\chenwang2017\.m2\repository\org\ow2\asm\asm\5.0.4\asm-5.0.4.jar;C:\Users\chenwang2017\.m2\repository\junit\junit\4.12\junit-4.12.jar;C:\Users\chenwang2017\.m2\repository\org\assertj\assertj-core\3.9.1\assertj-core-3.9.1.jar;C:\Users\chenwang2017\.m2\repository\org\mockito\mockito-core\2.15.0\mockito-core-2.15.0.jar;C:\Users\chenwang2017\.m2\repository\net\bytebuddy\byte-buddy\1.7.10\byte-buddy-1.7.10.jar;C:\Users\chenwang2017\.m2\repository\net\bytebuddy\byte-buddy-agent\1.7.10\byte-buddy-agent-1.7.10.jar;C:\Users\chenwang2017\.m2\repository\org\objenesis\objenesis\2.6\objenesis-2.6.jar;C:\Users\chenwang2017\.m2\repository\org\hamcrest\hamcrest-core\1.3\hamcrest-core-1.3.jar;C:\Users\chenwang2017\.m2\repository\org\hamcrest\hamcrest-library\1.3\hamcrest-library-1.3.jar;C:\Users\chenwang2017\.m2\repository\org\skyscreamer\jsonassert\1.5.0\jsonassert-1.5.0.jar;C:\Users\chenwang2017\.m2\repository\com\vaadin\external\google\android-json\0.0.20131108.vaadin1\android-json-0.0.20131108.vaadin1.jar;C:\Users\chenwang2017\.m2\repository\org\springframework\spring-test\5.0.4.RELEASE\spring-test-5.0.4.RELEASE.jar;C:\Users\chenwang2017\.m2\repository\org\xmlunit\xmlunit-core\2.5.1\xmlunit-core-2.5.1.jar;C:\Users\chenwang2017\.m2\repository\org\springframework\boot\spring-boot-devtools\2.0.0.BUILD-SNAPSHOT\spring-boot-devtools-2.0.0.BUILD-SNAPSHOT.jar;C:\Users\chenwang2017\.m2\repository\com\h2database\h2\1.4.196\h2-1.4.196.jar;C:\Users\chenwang2017\.m2\repository\org\elasticsearch\elasticsearch\6.2.4\elasticsearch-6.2.4.jar;C:\Users\chenwang2017\.m2\repository\org\elasticsearch\elasticsearch-core\6.2.4\elasticsearch-core-6.2.4.jar;C:\Users\chenwang2017\.m2\repository\org\apache\lucene\lucene-core\7.2.1\lucene-core-7.2.1.jar;C:\Users\chenwang2017\.m2\repository\org\apache\lucene\lucene-analyzers-common\7.2.1\lucene-analyzers-common-7.2.1.jar;C:\Users\chenwang2017\.m2\repository\org\apache\lucene\lucene-backward-codecs\7.2.1\lucene-backward-codecs-7.2.1.jar;C:\Users\chenwang2017\.m2\repository\org\apache\lucene\lucene-grouping\7.2.1\lucene-grouping-7.2.1.jar;C:\Users\chenwang2017\.m2\repository\org\apache\lucene\lucene-highlighter\7.2.1\lucene-highlighter-7.2.1.jar;C:\Users\chenwang2017\.m2\repository\org\apache\lucene\lucene-join\7.2.1\lucene-join-7.2.1.jar;C:\Users\chenwang2017\.m2\repository\org\apache\lucene\lucene-memory\7.2.1\lucene-memory-7.2.1.jar;C:\Users\chenwang2017\.m2\repository\org\apache\lucene\lucene-misc\7.2.1\lucene-misc-7.2.1.jar;C:\Users\chenwang2017\.m2\repository\org\apache\lucene\lucene-queries\7.2.1\lucene-queries-7.2.1.jar;C:\Users\chenwang2017\.m2\repository\org\apache\lucene\lucene-queryparser\7.2.1\lucene-queryparser-7.2.1.jar;C:\Users\chenwang2017\.m2\repository\org\apache\lucene\lucene-sandbox\7.2.1\lucene-sandbox-7.2.1.jar;C:\Users\chenwang2017\.m2\repository\org\apache\lucene\lucene-spatial\7.2.1\lucene-spatial-7.2.1.jar;C:\Users\chenwang2017\.m2\repository\org\apache\lucene\lucene-spatial-extras\7.2.1\lucene-spatial-extras-7.2.1.jar;C:\Users\chenwang2017\.m2\repository\org\apache\lucene\lucene-spatial3d\7.2.1\lucene-spatial3d-7.2.1.jar;C:\Users\chenwang2017\.m2\repository\org\apache\lucene\lucene-suggest\7.2.1\lucene-suggest-7.2.1.jar;C:\Users\chenwang2017\.m2\repository\org\elasticsearch\securesm\1.2\securesm-1.2.jar;C:\Users\chenwang2017\.m2\repository\org\elasticsearch\elasticsearch-cli\6.2.4\elasticsearch-cli-6.2.4.jar;C:\Users\chenwang2017\.m2\repository\net\sf\jopt-simple\jopt-simple\5.0.2\jopt-simple-5.0.2.jar;C:\Users\chenwang2017\.m2\repository\com\carrotsearch\hppc\0.7.1\hppc-0.7.1.jar;C:\Users\chenwang2017\.m2\repository\joda-time\joda-time\2.9.9\joda-time-2.9.9.jar;C:\Users\chenwang2017\.m2\repository\com\fasterxml\jackson\core\jackson-core\2.9.4\jackson-core-2.9.4.jar;C:\Users\chenwang2017\.m2\repository\com\fasterxml\jackson\dataformat\jackson-dataformat-smile\2.9.4\jackson-dataformat-smile-2.9.4.jar;C:\Users\chenwang2017\.m2\repository\com\fasterxml\jackson\dataformat\jackson-dataformat-yaml\2.9.4\jackson-dataformat-yaml-2.9.4.jar;C:\Users\chenwang2017\.m2\repository\com\fasterxml\jackson\dataformat\jackson-dataformat-cbor\2.9.4\jackson-dataformat-cbor-2.9.4.jar;C:\Users\chenwang2017\.m2\repository\com\tdunning\t-digest\3.0\t-digest-3.0.jar;C:\Users\chenwang2017\.m2\repository\org\hdrhistogram\HdrHistogram\2.1.9\HdrHistogram-2.1.9.jar;C:\Users\chenwang2017\.m2\repository\org\apache\logging\log4j\log4j-api\2.10.0\log4j-api-2.10.0.jar;C:\Users\chenwang2017\.m2\repository\org\elasticsearch\jna\4.5.1\jna-4.5.1.jar;C:\Users\chenwang2017\.m2\repository\org\elasticsearch\client\transport\6.2.4\transport-6.2.4.jar;C:\Users\chenwang2017\.m2\repository\org\elasticsearch\plugin\reindex-client\6.2.4\reindex-client-6.2.4.jar;C:\Users\chenwang2017\.m2\repository\org\elasticsearch\plugin\lang-mustache-client\6.2.4\lang-mustache-client-6.2.4.jar;C:\Users\chenwang2017\.m2\repository\com\github\spullara\mustache\java\compiler\0.9.3\compiler-0.9.3.jar;C:\Users\chenwang2017\.m2\repository\org\elasticsearch\plugin\percolator-client\6.2.4\percolator-client-6.2.4.jar;C:\Users\chenwang2017\.m2\repository\org\elasticsearch\plugin\parent-join-client\6.2.4\parent-join-client-6.2.4.jar;C:\Users\chenwang2017\.m2\repository\org\elasticsearch\plugin\rank-eval-client\6.2.4\rank-eval-client-6.2.4.jar;C:\Users\chenwang2017\.m2\repository\org\elasticsearch\client\elasticsearch-rest-high-level-client\6.2.4\elasticsearch-rest-high-level-client-6.2.4.jar;C:\Users\chenwang2017\.m2\repository\org\elasticsearch\client\elasticsearch-rest-client\6.2.4\elasticsearch-rest-client-6.2.4.jar;C:\Users\chenwang2017\.m2\repository\org\apache\httpcomponents\httpasyncclient\4.1.3\httpasyncclient-4.1.3.jar;C:\Users\chenwang2017\.m2\repository\org\apache\httpcomponents\httpcore-nio\4.4.9\httpcore-nio-4.4.9.jar;C:\Users\chenwang2017\.m2\repository\org\elasticsearch\plugin\aggs-matrix-stats-client\6.2.4\aggs-matrix-stats-client-6.2.4.jar;C:\Users\chenwang2017\.m2\repository\org\elasticsearch\plugin\transport-netty4-client\6.2.4\transport-netty4-client-6.2.4.jar;C:\Users\chenwang2017\.m2\repository\io\netty\netty-buffer\4.1.22.Final\netty-buffer-4.1.22.Final.jar;C:\Users\chenwang2017\.m2\repository\io\netty\netty-codec\4.1.22.Final\netty-codec-4.1.22.Final.jar;C:\Users\chenwang2017\.m2\repository\io\netty\netty-codec-http\4.1.22.Final\netty-codec-http-4.1.22.Final.jar;C:\Users\chenwang2017\.m2\repository\io\netty\netty-common\4.1.22.Final\netty-common-4.1.22.Final.jar;C:\Users\chenwang2017\.m2\repository\io\netty\netty-handler\4.1.22.Final\netty-handler-4.1.22.Final.jar;C:\Users\chenwang2017\.m2\repository\io\netty\netty-resolver\4.1.22.Final\netty-resolver-4.1.22.Final.jar;C:\Users\chenwang2017\.m2\repository\io\netty\netty-transport\4.1.22.Final\netty-transport-4.1.22.Final.jar;C:\Users\chenwang2017\.m2\repository\org\locationtech\spatial4j\spatial4j\0.6\spatial4j-0.6.jar;C:\Users\chenwang2017\.m2\repository\com\vividsolutions\jts\1.13\jts-1.13.jar;C:\Users\chenwang2017\.m2\repository\org\apache\logging\log4j\log4j-core\2.10.0\log4j-core-2.10.0.jar;C:\Users\chenwang2017\.m2\repository\org\apache\lucene\lucene-test-framework\7.2.1\lucene-test-framework-7.2.1.jar;C:\Users\chenwang2017\.m2\repository\org\apache\lucene\lucene-codecs\7.2.1\lucene-codecs-7.2.1.jar;C:\Users\chenwang2017\.m2\repository\org\elasticsearch\test\framework\6.2.4\framework-6.2.4.jar;C:\Users\chenwang2017\.m2\repository\org\hamcrest\hamcrest-all\1.3\hamcrest-all-1.3.jar;C:\Users\chenwang2017\.m2\repository\org\apache\httpcomponents\httpclient\4.5.5\httpclient-4.5.5.jar;C:\Users\chenwang2017\.m2\repository\org\apache\httpcomponents\httpcore\4.4.9\httpcore-4.4.9.jar;C:\Users\chenwang2017\.m2\repository\commons-logging\commons-logging\1.1.3\commons-logging-1.1.3.jar;C:\Users\chenwang2017\.m2\repository\commons-codec\commons-codec\1.11\commons-codec-1.11.jar;C:\Users\chenwang2017\.m2\repository\org\elasticsearch\securemock\1.2\securemock-1.2.jar;C:\Users\chenwang2017\.m2\repository\org\elasticsearch\mocksocket\1.2\mocksocket-1.2.jar;C:\Users\chenwang2017\.m2\repository\org\testcontainers\testcontainers\1.7.2\testcontainers-1.7.2.jar;C:\Users\chenwang2017\.m2\repository\org\slf4j\slf4j-api\1.7.25\slf4j-api-1.7.25.jar;C:\Users\chenwang2017\.m2\repository\org\slf4j\slf4j-ext\1.7.25\slf4j-ext-1.7.25.jar;C:\Users\chenwang2017\.m2\repository\org\jetbrains\annotations\15.0\annotations-15.0.jar;C:\Users\chenwang2017\.m2\repository\com\google\code\findbugs\jsr305\3.0.2\jsr305-3.0.2.jar;C:\Users\chenwang2017\.m2\repository\org\apache\commons\commons-compress\1.15\commons-compress-1.15.jar;C:\Users\chenwang2017\.m2\repository\javax\xml\bind\jaxb-api\2.3.0\jaxb-api-2.3.0.jar;C:\Users\chenwang2017\.m2\repository\org\rnorth\duct-tape\duct-tape\1.0.7\duct-tape-1.0.7.jar;C:\Users\chenwang2017\.m2\repository\org\rnorth\visible-assertions\visible-assertions\2.1.0\visible-assertions-2.1.0.jar;C:\Users\chenwang2017\.m2\repository\net\java\dev\jna\jna\4.5.1\jna-4.5.1.jar;C:\Users\chenwang2017\.m2\repository\org\projectlombok\lombok\1.16.20\lombok-1.16.20.jar;C:\Users\chenwang2017\.m2\repository\com\google\code\gson\gson\2.8.2\gson-2.8.2.jar;, java.specification.name=Java Platform API Specification, java.class.version=52.0, sun.management.compiler=HotSpot 64-Bit Tiered Compilers, os.version=6.1, user.home=C:\Users\chenwang2017, user.timezone=America/New_York, java.awt.printerjob=sun.awt.windows.WPrinterJob, file.encoding=Cp1252, java.specification.version=1.8, java.class.path=C:\Users\chenwang2017\workspace\springboot-mvc-rest-demo\target\test-classes;C:\Users\chenwang2017\workspace\springboot-mvc-rest-demo\target\classes;C:\Users\chenwang2017\.m2\repository\org\springframework\boot\spring-boot-starter-web\2.0.0.BUILD-SNAPSHOT\spring-boot-starter-web-2.0.0.BUILD-SNAPSHOT.jar;C:\Users\chenwang2017\.m2\repository\org\springframework\boot\spring-boot-starter-json\2.0.0.BUILD-SNAPSHOT\spring-boot-starter-json-2.0.0.BUILD-SNAPSHOT.jar;C:\Users\chenwang2017\.m2\repository\com\fasterxml\jackson\core\jackson-databind\2.9.4\jackson-databind-2.9.4.jar;C:\Users\chenwang2017\.m2\repository\com\fasterxml\jackson\core\jackson-annotations\2.9.0\jackson-annotations-2.9.0.jar;C:\Users\chenwang2017\.m2\repository\com\fasterxml\jackson\datatype\jackson-datatype-jdk8\2.9.4\jackson-datatype-jdk8-2.9.4.jar;C:\Users\chenwang2017\.m2\repository\com\fasterxml\jackson\datatype\jackson-datatype-jsr310\2.9.4\jackson-datatype-jsr310-2.9.4.jar;C:\Users\chenwang2017\.m2\repository\com\fasterxml\jackson\module\jackson-module-parameter-names\2.9.4\jackson-module-parameter-names-2.9.4.jar;C:\Users\chenwang2017\.m2\repository\org\springframework\boot\spring-boot-starter-tomcat\2.0.0.BUILD-SNAPSHOT\spring-boot-starter-tomcat-2.0.0.BUILD-SNAPSHOT.jar;C:\Users\chenwang2017\.m2\repository\org\apache\tomcat\embed\tomcat-embed-core\8.5.28\tomcat-embed-core-8.5.28.jar;C:\Users\chenwang2017\.m2\repository\org\apache\tomcat\embed\tomcat-embed-el\8.5.28\tomcat-embed-el-8.5.28.jar;C:\Users\chenwang2017\.m2\repository\org\apache\tomcat\embed\tomcat-embed-websocket\8.5.28\tomcat-embed-websocket-8.5.28.jar;C:\Users\chenwang2017\.m2\repository\org\hibernate\validator\hibernate-validator\6.0.7.Final\hibernate-validator-6.0.7.Final.jar;C:\Users\chenwang2017\.m2\repository\javax\validation\validation-api\2.0.1.Final\validation-api-2.0.1.Final.jar;C:\Users\chenwang2017\.m2\repository\org\jboss\logging\jboss-logging\3.3.2.Final\jboss-logging-3.3.2.Final.jar;C:\Users\chenwang2017\.m2\repository\com\fasterxml\classmate\1.3.4\classmate-1.3.4.jar;C:\Users\chenwang2017\.m2\repository\org\springframework\spring-web\5.0.4.RELEASE\spring-web-5.0.4.RELEASE.jar;C:\Users\chenwang2017\.m2\repository\org\springframework\spring-beans\5.0.4.RELEASE\spring-beans-5.0.4.RELEASE.jar;C:\Users\chenwang2017\.m2\repository\org\springframework\spring-webmvc\5.0.4.RELEASE\spring-webmvc-5.0.4.RELEASE.jar;C:\Users\chenwang2017\.m2\repository\org\springframework\spring-aop\5.0.4.RELEASE\spring-aop-5.0.4.RELEASE.jar;C:\Users\chenwang2017\.m2\repository\org\springframework\spring-context\5.0.4.RELEASE\spring-context-5.0.4.RELEASE.jar;C:\Users\chenwang2017\.m2\repository\org\springframework\spring-expression\5.0.4.RELEASE\spring-expression-5.0.4.RELEASE.jar;C:\Users\chenwang2017\.m2\repository\org\springframework\boot\spring-boot-starter\2.0.0.BUILD-SNAPSHOT\spring-boot-starter-2.0.0.BUILD-SNAPSHOT.jar;C:\Users\chenwang2017\.m2\repository\org\springframework\boot\spring-boot\2.0.0.BUILD-SNAPSHOT\spring-boot-2.0.0.BUILD-SNAPSHOT.jar;C:\Users\chenwang2017\.m2\repository\org\springframework\boot\spring-boot-autoconfigure\2.0.0.BUILD-SNAPSHOT\spring-boot-autoconfigure-2.0.0.BUILD-SNAPSHOT.jar;C:\Users\chenwang2017\.m2\repository\org\springframework\boot\spring-boot-starter-logging\2.0.0.BUILD-SNAPSHOT\spring-boot-starter-logging-2.0.0.BUILD-SNAPSHOT.jar;C:\Users\chenwang2017\.m2\repository\ch\qos\logback\logback-classic\1.2.3\logback-classic-1.2.3.jar;C:\Users\chenwang2017\.m2\repository\ch\qos\logback\logback-core\1.2.3\logback-core-1.2.3.jar;C:\Users\chenwang2017\.m2\repository\org\apache\logging\log4j\log4j-to-slf4j\2.10.0\log4j-to-slf4j-2.10.0.jar;C:\Users\chenwang2017\.m2\repository\org\slf4j\jul-to-slf4j\1.7.25\jul-to-slf4j-1.7.25.jar;C:\Users\chenwang2017\.m2\repository\javax\annotation\javax.annotation-api\1.3.2\javax.annotation-api-1.3.2.jar;C:\Users\chenwang2017\.m2\repository\org\springframework\spring-core\5.0.4.RELEASE\spring-core-5.0.4.RELEASE.jar;C:\Users\chenwang2017\.m2\repository\org\springframework\spring-jcl\5.0.4.RELEASE\spring-jcl-5.0.4.RELEASE.jar;C:\Users\chenwang2017\.m2\repository\org\yaml\snakeyaml\1.19\snakeyaml-1.19.jar;C:\Users\chenwang2017\.m2\repository\org\springframework\boot\spring-boot-starter-data-jpa\2.0.0.BUILD-SNAPSHOT\spring-boot-starter-data-jpa-2.0.0.BUILD-SNAPSHOT.jar;C:\Users\chenwang2017\.m2\repository\org\springframework\boot\spring-boot-starter-aop\2.0.0.BUILD-SNAPSHOT\spring-boot-starter-aop-2.0.0.BUILD-SNAPSHOT.jar;C:\Users\chenwang2017\.m2\repository\org\aspectj\aspectjweaver\1.8.13\aspectjweaver-1.8.13.jar;C:\Users\chenwang2017\.m2\repository\org\springframework\boot\spring-boot-starter-jdbc\2.0.0.BUILD-SNAPSHOT\spring-boot-starter-jdbc-2.0.0.BUILD-SNAPSHOT.jar;C:\Users\chenwang2017\.m2\repository\com\zaxxer\HikariCP\2.7.8\HikariCP-2.7.8.jar;C:\Users\chenwang2017\.m2\repository\org\springframework\spring-jdbc\5.0.4.RELEASE\spring-jdbc-5.0.4.RELEASE.jar;C:\Users\chenwang2017\.m2\repository\org\hibernate\hibernate-core\5.2.14.Final\hibernate-core-5.2.14.Final.jar;C:\Users\chenwang2017\.m2\repository\org\hibernate\javax\persistence\hibernate-jpa-2.1-api\1.0.0.Final\hibernate-jpa-2.1-api-1.0.0.Final.jar;C:\Users\chenwang2017\.m2\repository\org\javassist\javassist\3.22.0-GA\javassist-3.22.0-GA.jar;C:\Users\chenwang2017\.m2\repository\antlr\antlr\2.7.7\antlr-2.7.7.jar;C:\Users\chenwang2017\.m2\repository\org\jboss\jandex\2.0.3.Final\jandex-2.0.3.Final.jar;C:\Users\chenwang2017\.m2\repository\dom4j\dom4j\1.6.1\dom4j-1.6.1.jar;C:\Users\chenwang2017\.m2\repository\org\hibernate\common\hibernate-commons-annotations\5.0.1.Final\hibernate-commons-annotations-5.0.1.Final.jar;C:\Users\chenwang2017\.m2\repository\javax\transaction\javax.transaction-api\1.2\javax.transaction-api-1.2.jar;C:\Users\chenwang2017\.m2\repository\org\springframework\data\spring-data-jpa\2.0.5.RELEASE\spring-data-jpa-2.0.5.RELEASE.jar;C:\Users\chenwang2017\.m2\repository\org\springframework\data\spring-data-commons\2.0.5.RELEASE\spring-data-commons-2.0.5.RELEASE.jar;C:\Users\chenwang2017\.m2\repository\org\springframework\spring-orm\5.0.4.RELEASE\spring-orm-5.0.4.RELEASE.jar;C:\Users\chenwang2017\.m2\repository\org\springframework\spring-tx\5.0.4.RELEASE\spring-tx-5.0.4.RELEASE.jar;C:\Users\chenwang2017\.m2\repository\org\springframework\spring-aspects\5.0.4.RELEASE\spring-aspects-5.0.4.RELEASE.jar;C:\Users\chenwang2017\.m2\repository\org\springframework\boot\spring-boot-starter-test\2.0.0.BUILD-SNAPSHOT\spring-boot-starter-test-2.0.0.BUILD-SNAPSHOT.jar;C:\Users\chenwang2017\.m2\repository\org\springframework\boot\spring-boot-test\2.0.0.BUILD-SNAPSHOT\spring-boot-test-2.0.0.BUILD-SNAPSHOT.jar;C:\Users\chenwang2017\.m2\repository\org\springframework\boot\spring-boot-test-autoconfigure\2.0.0.BUILD-SNAPSHOT\spring-boot-test-autoconfigure-2.0.0.BUILD-SNAPSHOT.jar;C:\Users\chenwang2017\.m2\repository\com\jayway\jsonpath\json-path\2.4.0\json-path-2.4.0.jar;C:\Users\chenwang2017\.m2\repository\net\minidev\json-smart\2.3\json-smart-2.3.jar;C:\Users\chenwang2017\.m2\repository\net\minidev\accessors-smart\1.2\accessors-smart-1.2.jar;C:\Users\chenwang2017\.m2\repository\org\ow2\asm\asm\5.0.4\asm-5.0.4.jar;C:\Users\chenwang2017\.m2\repository\junit\junit\4.12\junit-4.12.jar;C:\Users\chenwang2017\.m2\repository\org\assertj\assertj-core\3.9.1\assertj-core-3.9.1.jar;C:\Users\chenwang2017\.m2\repository\org\mockito\mockito-core\2.15.0\mockito-core-2.15.0.jar;C:\Users\chenwang2017\.m2\repository\net\bytebuddy\byte-buddy\1.7.10\byte-buddy-1.7.10.jar;C:\Users\chenwang2017\.m2\repository\net\bytebuddy\byte-buddy-agent\1.7.10\byte-buddy-agent-1.7.10.jar;C:\Users\chenwang2017\.m2\repository\org\objenesis\objenesis\2.6\objenesis-2.6.jar;C:\Users\chenwang2017\.m2\repository\org\hamcrest\hamcrest-core\1.3\hamcrest-core-1.3.jar;C:\Users\chenwang2017\.m2\repository\org\hamcrest\hamcrest-library\1.3\hamcrest-library-1.3.jar;C:\Users\chenwang2017\.m2\repository\org\skyscreamer\jsonassert\1.5.0\jsonassert-1.5.0.jar;C:\Users\chenwang2017\.m2\repository\com\vaadin\external\google\android-json\0.0.20131108.vaadin1\android-json-0.0.20131108.vaadin1.jar;C:\Users\chenwang2017\.m2\repository\org\springframework\spring-test\5.0.4.RELEASE\spring-test-5.0.4.RELEASE.jar;C:\Users\chenwang2017\.m2\repository\org\xmlunit\xmlunit-core\2.5.1\xmlunit-core-2.5.1.jar;C:\Users\chenwang2017\.m2\repository\org\springframework\boot\spring-boot-devtools\2.0.0.BUILD-SNAPSHOT\spring-boot-devtools-2.0.0.BUILD-SNAPSHOT.jar;C:\Users\chenwang2017\.m2\repository\com\h2database\h2\1.4.196\h2-1.4.196.jar;C:\Users\chenwang2017\.m2\repository\org\elasticsearch\elasticsearch\6.2.4\elasticsearch-6.2.4.jar;C:\Users\chenwang2017\.m2\repository\org\elasticsearch\elasticsearch-core\6.2.4\elasticsearch-core-6.2.4.jar;C:\Users\chenwang2017\.m2\repository\org\apache\lucene\lucene-core\7.2.1\lucene-core-7.2.1.jar;C:\Users\chenwang2017\.m2\repository\org\apache\lucene\lucene-analyzers-common\7.2.1\lucene-analyzers-common-7.2.1.jar;C:\Users\chenwang2017\.m2\repository\org\apache\lucene\lucene-backward-codecs\7.2.1\lucene-backward-codecs-7.2.1.jar;C:\Users\chenwang2017\.m2\repository\org\apache\lucene\lucene-grouping\7.2.1\lucene-grouping-7.2.1.jar;C:\Users\chenwang2017\.m2\repository\org\apache\lucene\lucene-highlighter\7.2.1\lucene-highlighter-7.2.1.jar;C:\Users\chenwang2017\.m2\repository\org\apache\lucene\lucene-join\7.2.1\lucene-join-7.2.1.jar;C:\Users\chenwang2017\.m2\repository\org\apache\lucene\lucene-memory\7.2.1\lucene-memory-7.2.1.jar;C:\Users\chenwang2017\.m2\repository\org\apache\lucene\lucene-misc\7.2.1\lucene-misc-7.2.1.jar;C:\Users\chenwang2017\.m2\repository\org\apache\lucene\lucene-queries\7.2.1\lucene-queries-7.2.1.jar;C:\Users\chenwang2017\.m2\repository\org\apache\lucene\lucene-queryparser\7.2.1\lucene-queryparser-7.2.1.jar;C:\Users\chenwang2017\.m2\repository\org\apache\lucene\lucene-sandbox\7.2.1\lucene-sandbox-7.2.1.jar;C:\Users\chenwang2017\.m2\repository\org\apache\lucene\lucene-spatial\7.2.1\lucene-spatial-7.2.1.jar;C:\Users\chenwang2017\.m2\repository\org\apache\lucene\lucene-spatial-extras\7.2.1\lucene-spatial-extras-7.2.1.jar;C:\Users\chenwang2017\.m2\repository\org\apache\lucene\lucene-spatial3d\7.2.1\lucene-spatial3d-7.2.1.jar;C:\Users\chenwang2017\.m2\repository\org\apache\lucene\lucene-suggest\7.2.1\lucene-suggest-7.2.1.jar;C:\Users\chenwang2017\.m2\repository\org\elasticsearch\securesm\1.2\securesm-1.2.jar;C:\Users\chenwang2017\.m2\repository\org\elasticsearch\elasticsearch-cli\6.2.4\elasticsearch-cli-6.2.4.jar;C:\Users\chenwang2017\.m2\repository\net\sf\jopt-simple\jopt-simple\5.0.2\jopt-simple-5.0.2.jar;C:\Users\chenwang2017\.m2\repository\com\carrotsearch\hppc\0.7.1\hppc-0.7.1.jar;C:\Users\chenwang2017\.m2\repository\joda-time\joda-time\2.9.9\joda-time-2.9.9.jar;C:\Users\chenwang2017\.m2\repository\com\fasterxml\jackson\core\jackson-core\2.9.4\jackson-core-2.9.4.jar;C:\Users\chenwang2017\.m2\repository\com\fasterxml\jackson\dataformat\jackson-dataformat-smile\2.9.4\jackson-dataformat-smile-2.9.4.jar;C:\Users\chenwang2017\.m2\repository\com\fasterxml\jackson\dataformat\jackson-dataformat-yaml\2.9.4\jackson-dataformat-yaml-2.9.4.jar;C:\Users\chenwang2017\.m2\repository\com\fasterxml\jackson\dataformat\jackson-dataformat-cbor\2.9.4\jackson-dataformat-cbor-2.9.4.jar;C:\Users\chenwang2017\.m2\repository\com\tdunning\t-digest\3.0\t-digest-3.0.jar;C:\Users\chenwang2017\.m2\repository\org\hdrhistogram\HdrHistogram\2.1.9\HdrHistogram-2.1.9.jar;C:\Users\chenwang2017\.m2\repository\org\apache\logging\log4j\log4j-api\2.10.0\log4j-api-2.10.0.jar;C:\Users\chenwang2017\.m2\repository\org\elasticsearch\jna\4.5.1\jna-4.5.1.jar;C:\Users\chenwang2017\.m2\repository\org\elasticsearch\client\transport\6.2.4\transport-6.2.4.jar;C:\Users\chenwang2017\.m2\repository\org\elasticsearch\plugin\reindex-client\6.2.4\reindex-client-6.2.4.jar;C:\Users\chenwang2017\.m2\repository\org\elasticsearch\plugin\lang-mustache-client\6.2.4\lang-mustache-client-6.2.4.jar;C:\Users\chenwang2017\.m2\repository\com\github\spullara\mustache\java\compiler\0.9.3\compiler-0.9.3.jar;C:\Users\chenwang2017\.m2\repository\org\elasticsearch\plugin\percolator-client\6.2.4\percolator-client-6.2.4.jar;C:\Users\chenwang2017\.m2\repository\org\elasticsearch\plugin\parent-join-client\6.2.4\parent-join-client-6.2.4.jar;C:\Users\chenwang2017\.m2\repository\org\elasticsearch\plugin\rank-eval-client\6.2.4\rank-eval-client-6.2.4.jar;C:\Users\chenwang2017\.m2\repository\org\elasticsearch\client\elasticsearch-rest-high-level-client\6.2.4\elasticsearch-rest-high-level-client-6.2.4.jar;C:\Users\chenwang2017\.m2\repository\org\elasticsearch\client\elasticsearch-rest-client\6.2.4\elasticsearch-rest-client-6.2.4.jar;C:\Users\chenwang2017\.m2\repository\org\apache\httpcomponents\httpasyncclient\4.1.3\httpasyncclient-4.1.3.jar;C:\Users\chenwang2017\.m2\repository\org\apache\httpcomponents\httpcore-nio\4.4.9\httpcore-nio-4.4.9.jar;C:\Users\chenwang2017\.m2\repository\org\elasticsearch\plugin\aggs-matrix-stats-client\6.2.4\aggs-matrix-stats-client-6.2.4.jar;C:\Users\chenwang2017\.m2\repository\org\elasticsearch\plugin\transport-netty4-client\6.2.4\transport-netty4-client-6.2.4.jar;C:\Users\chenwang2017\.m2\repository\io\netty\netty-buffer\4.1.22.Final\netty-buffer-4.1.22.Final.jar;C:\Users\chenwang2017\.m2\repository\io\netty\netty-codec\4.1.22.Final\netty-codec-4.1.22.Final.jar;C:\Users\chenwang2017\.m2\repository\io\netty\netty-codec-http\4.1.22.Final\netty-codec-http-4.1.22.Final.jar;C:\Users\chenwang2017\.m2\repository\io\netty\netty-common\4.1.22.Final\netty-common-4.1.22.Final.jar;C:\Users\chenwang2017\.m2\repository\io\netty\netty-handler\4.1.22.Final\netty-handler-4.1.22.Final.jar;C:\Users\chenwang2017\.m2\repository\io\netty\netty-resolver\4.1.22.Final\netty-resolver-4.1.22.Final.jar;C:\Users\chenwang2017\.m2\repository\io\netty\netty-transport\4.1.22.Final\netty-transport-4.1.22.Final.jar;C:\Users\chenwang2017\.m2\repository\org\locationtech\spatial4j\spatial4j\0.6\spatial4j-0.6.jar;C:\Users\chenwang2017\.m2\repository\com\vividsolutions\jts\1.13\jts-1.13.jar;C:\Users\chenwang2017\.m2\repository\org\apache\logging\log4j\log4j-core\2.10.0\log4j-core-2.10.0.jar;C:\Users\chenwang2017\.m2\repository\org\apache\lucene\lucene-test-framework\7.2.1\lucene-test-framework-7.2.1.jar;C:\Users\chenwang2017\.m2\repository\org\apache\lucene\lucene-codecs\7.2.1\lucene-codecs-7.2.1.jar;C:\Users\chenwang2017\.m2\repository\org\elasticsearch\test\framework\6.2.4\framework-6.2.4.jar;C:\Users\chenwang2017\.m2\repository\org\hamcrest\hamcrest-all\1.3\hamcrest-all-1.3.jar;C:\Users\chenwang2017\.m2\repository\org\apache\httpcomponents\httpclient\4.5.5\httpclient-4.5.5.jar;C:\Users\chenwang2017\.m2\repository\org\apache\httpcomponents\httpcore\4.4.9\httpcore-4.4.9.jar;C:\Users\chenwang2017\.m2\repository\commons-logging\commons-logging\1.1.3\commons-logging-1.1.3.jar;C:\Users\chenwang2017\.m2\repository\commons-codec\commons-codec\1.11\commons-codec-1.11.jar;C:\Users\chenwang2017\.m2\repository\org\elasticsearch\securemock\1.2\securemock-1.2.jar;C:\Users\chenwang2017\.m2\repository\org\elasticsearch\mocksocket\1.2\mocksocket-1.2.jar;C:\Users\chenwang2017\.m2\repository\org\testcontainers\testcontainers\1.7.2\testcontainers-1.7.2.jar;C:\Users\chenwang2017\.m2\repository\org\slf4j\slf4j-api\1.7.25\slf4j-api-1.7.25.jar;C:\Users\chenwang2017\.m2\repository\org\slf4j\slf4j-ext\1.7.25\slf4j-ext-1.7.25.jar;C:\Users\chenwang2017\.m2\repository\org\jetbrains\annotations\15.0\annotations-15.0.jar;C:\Users\chenwang2017\.m2\repository\com\google\code\findbugs\jsr305\3.0.2\jsr305-3.0.2.jar;C:\Users\chenwang2017\.m2\repository\org\apache\commons\commons-compress\1.15\commons-compress-1.15.jar;C:\Users\chenwang2017\.m2\repository\javax\xml\bind\jaxb-api\2.3.0\jaxb-api-2.3.0.jar;C:\Users\chenwang2017\.m2\repository\org\rnorth\duct-tape\duct-tape\1.0.7\duct-tape-1.0.7.jar;C:\Users\chenwang2017\.m2\repository\org\rnorth\visible-assertions\visible-assertions\2.1.0\visible-assertions-2.1.0.jar;C:\Users\chenwang2017\.m2\repository\net\java\dev\jna\jna\4.5.1\jna-4.5.1.jar;C:\Users\chenwang2017\.m2\repository\org\projectlombok\lombok\1.16.20\lombok-1.16.20.jar;C:\Users\chenwang2017\.m2\repository\com\google\code\gson\gson\2.8.2\gson-2.8.2.jar;, user.name=chenwang2017, java.vm.specification.version=1.8, sun.java.command=C:\Users\CHENWA~1\AppData\Local\Temp\surefire6601324226906098686\surefirebooter2449571097254580765.jar C:\Users\chenwang2017\AppData\Local\Temp\surefire6601324226906098686 2018-09-02T21-03-15_098-jvmRun1 surefire1602092470257754165tmp surefire_01472545365887566211tmp, java.home=C:\Program Files\Java\jdk1.8.0_131\jre, sun.arch.data.model=64, user.language=en, java.specification.vendor=Oracle Corporation, awt.toolkit=sun.awt.windows.WToolkit, java.vm.info=mixed mode, java.version=1.8.0_131, java.ext.dirs=C:\Program Files\Java\jdk1.8.0_131\jre\lib\ext;C:\Windows\Sun\Java\lib\ext, sun.boot.class.path=C:\Program Files\Java\jdk1.8.0_131\jre\lib\resources.jar;C:\Program Files\Java\jdk1.8.0_131\jre\lib\rt.jar;C:\Program Files\Java\jdk1.8.0_131\jre\lib\sunrsasign.jar;C:\Program Files\Java\jdk1.8.0_131\jre\lib\jsse.jar;C:\Program Files\Java\jdk1.8.0_131\jre\lib\jce.jar;C:\Program Files\Java\jdk1.8.0_131\jre\lib\charsets.jar;C:\Program Files\Java\jdk1.8.0_131\jre\lib\jfr.jar;C:\Program Files\Java\jdk1.8.0_131\jre\classes, java.vendor=Oracle Corporation, localRepository=C:\Users\chenwang2017\.m2\repository, file.separator=\, java.vendor.url.bug=http://bugreport.sun.com/bugreport/, sun.io.unicode.encoding=UnicodeLittle, sun.cpu.endian=little, sun.desktop=windows, sun.cpu.isalist=amd64}}, SystemEnvironmentPropertySource@898406901 {name='systemEnvironment', properties={PATH=C:\ProgramData\Anaconda3\Scripts;C:\gradle-3.5\bin;C:\Python33\;C:\Program Files\Java\jdk1.8.0_131\bin;C:\spark-2.1.0-bin-hadoop2.4\bin;C:\apache-maven-3.5.0\bin;C:\ProgramData\Oracle\Java\javapath;C:\Windows\system32;C:\Windows;C:\Windows\System32\Wbem;C:\Windows\System32\WindowsPowerShell\v1.0\;C:\Program Files\Intel\WiFi\bin\;C:\Program Files\Common Files\Intel\WirelessCommon\;C:\Program Files (x86)\Lenovo\Password Manager\;C:\Program Files (x86)\Skype\Phone\;C:\Program Files\Git\cmd;C:\Program Files (x86)\Lenovo\Access Connections\;C:\Program Files (x86)\sbt\bin;C:\Program Files\PuTTY\;C:\Program Files\Intel\WiFi\bin\;C:\Program Files\Common Files\Intel\WirelessCommon\, PROCESSOR_LEVEL=6, SYSTEMDRIVE=C:, FP_NO_HOST_CHECK=NO, ACPATH=C:\Program Files (x86)\Lenovo\Access Connections\, SESSIONNAME=Console, ALLUSERSPROFILE=C:\ProgramData, PROCESSOR_ARCHITECTURE=AMD64, MAVEN_HOME=C:\apache-maven-3.5.0\bin\.., PROGRAMFILES=C:\Program Files, TVT=C:\Program Files (x86)\Lenovo, PSMODULEPATH=C:\Windows\system32\WindowsPowerShell\v1.0\Modules\, PROGRAMDATA=C:\ProgramData, USERNAME=chenwang2017, WDIR=C:\, PYTHONPATH=C:\ProgramData\Anaconda3, PATHEXT=.COM;.EXE;.BAT;.CMD;.VBS;.VBE;.JS;.JSE;.WSF;.WSH;.MSC, CLASSWORLDS_JAR="C:\apache-maven-3.5.0\bin\..\boot\plexus-classworlds-2.5.2.jar", PYSPARK_DRIVER_PYTHON=jupyter, WINDIR=C:\Windows, HOMEPATH=\Users\chenwang2017, PROCESSOR_IDENTIFIER=Intel64 Family 6 Model 58 Stepping 9, GenuineIntel, HADOOP_HOME=C:\Hadoop, PUBLIC=C:\Users\Public, =EXITCODE=00000001, LOCALAPPDATA=C:\Users\chenwang2017\AppData\Local, COMMONPROGRAMFILES(X86)=C:\Program Files (x86)\Common Files, USERDOMAIN=W530, LOGONSERVER=\\W530, JAVA_HOME=C:\Program Files\Java\jdk1.8.0_131, PROMPT=$P$G, PROGRAMFILES(X86)=C:\Program Files (x86), ERROR_CODE=0, EXEC_DIR=C:\Users\chenwang2017\workspace\springboot-mvc-rest-demo, =C:=C:\Users\chenwang2017\workspace\springboot-mvc-rest-demo, APPDATA=C:\Users\chenwang2017\AppData\Roaming, PROGRAMW6432=C:\Program Files, SYSTEMROOT=C:\Windows, MAVEN_CMD_LINE_ARGS=package, OS=Windows_NT, COMMONPROGRAMW6432=C:\Program Files\Common Files, COMPUTERNAME=W530, COMMONPROGRAMFILES=C:\Program Files\Common Files, COMSPEC=C:\Windows\system32\cmd.exe, PYSPARK_DRIVER_PYTHON_OPTS=notebook, SBT_HOME=C:\Program Files (x86)\sbt\, JAVACMD=C:\Program Files\Java\jdk1.8.0_131\bin\java.exe, MAVEN_PROJECTBASEDIR=C:\Users\chenwang2017\workspace\springboot-mvc-rest-demo, PROCESSOR_REVISION=3a09, CLASSWORLDS_LAUNCHER=org.codehaus.plexus.classworlds.launcher.Launcher, TEMP=C:\Users\CHENWA~1\AppData\Local\Temp, TFS_DIR=C:\Program Files\ThinkVantage Fingerprint Software\, HOMEDRIVE=C:, USERPROFILE=C:\Users\chenwang2017, TMP=C:\Users\CHENWA~1\AppData\Local\Temp, NUMBER_OF_PROCESSORS=8, JVMCONFIG=\.mvn\jvm.config}}]
21:03:16.076 [main] DEBUG org.springframework.core.io.support.PathMatchingResourcePatternResolver - Resolved classpath location [com/apress/demo/] to resources [URL [file:/C:/Users/chenwang2017/workspace/springboot-mvc-rest-demo/target/test-classes/com/apress/demo/], URL [file:/C:/Users/chenwang2017/workspace/springboot-mvc-rest-demo/target/classes/com/apress/demo/]]
21:03:16.076 [main] DEBUG org.springframework.core.io.support.PathMatchingResourcePatternResolver - Looking for matching resources in directory tree [C:\Users\chenwang2017\workspace\springboot-mvc-rest-demo\target\test-classes\com\apress\demo]
21:03:16.076 [main] DEBUG org.springframework.core.io.support.PathMatchingResourcePatternResolver - Searching directory [C:\Users\chenwang2017\workspace\springboot-mvc-rest-demo\target\test-classes\com\apress\demo] for files matching pattern [C:/Users/chenwang2017/workspace/springboot-mvc-rest-demo/target/test-classes/com/apress/demo/*.class]
21:03:16.081 [main] DEBUG org.springframework.core.io.support.PathMatchingResourcePatternResolver - Looking for matching resources in directory tree [C:\Users\chenwang2017\workspace\springboot-mvc-rest-demo\target\classes\com\apress\demo]
21:03:16.081 [main] DEBUG org.springframework.core.io.support.PathMatchingResourcePatternResolver - Searching directory [C:\Users\chenwang2017\workspace\springboot-mvc-rest-demo\target\classes\com\apress\demo] for files matching pattern [C:/Users/chenwang2017/workspace/springboot-mvc-rest-demo/target/classes/com/apress/demo/*.class]
21:03:16.083 [main] DEBUG org.springframework.core.io.support.PathMatchingResourcePatternResolver - Resolved location pattern [classpath*:com/apress/demo/*.class] to resources [file [C:\Users\chenwang2017\workspace\springboot-mvc-rest-demo\target\test-classes\com\apress\demo\SpringbootMvcRestDemoApplicationTest.class], file [C:\Users\chenwang2017\workspace\springboot-mvc-rest-demo\target\classes\com\apress\demo\ElasticSearchStarter.class], file [C:\Users\chenwang2017\workspace\springboot-mvc-rest-demo\target\classes\com\apress\demo\SpringbootMvcRestDemoApplication.class]]
21:03:16.168 [main] DEBUG org.springframework.context.annotation.ClassPathScanningCandidateComponentProvider - Identified candidate component class: file [C:\Users\chenwang2017\workspace\springboot-mvc-rest-demo\target\classes\com\apress\demo\ElasticSearchStarter.class]
21:03:16.171 [main] DEBUG org.springframework.context.annotation.ClassPathScanningCandidateComponentProvider - Identified candidate component class: file [C:\Users\chenwang2017\workspace\springboot-mvc-rest-demo\target\classes\com\apress\demo\SpringbootMvcRestDemoApplication.class]
]]></system-out>
  </testcase>
</testsuite>