<?xml version="1.0" encoding="UTF-8"?>
<testsuite xmlns:xsi="http://www.w3.org/2001/XMLSchema-instance" xsi:noNamespaceSchemaLocation="https://maven.apache.org/surefire/maven-surefire-plugin/xsd/surefire-test-report.xsd" name="com.apress.demo.SpringbootMvcRestDemoApplicationTest" time="3.892" tests="4" errors="0" skipped="0" failures="0">
  <properties>
[...]
</properties>
  <testcase name="testGetPostById" classname="com.apress.demo.SpringbootMvcRestDemoApplicationTest" time="0.012"/>
  <testcase name="testGetAllPosts" classname="com.apress.demo.SpringbootMvcRestDemoApplicationTest" time="0"/>
  <testcase name="testUpdatePost" classname="com.apress.demo.SpringbootMvcRestDemoApplicationTest" time="0"/>
  <testcase name="testCreatePost" classname="com.apress.demo.SpringbootMvcRestDemoApplicationTest" time="0"/>
</testsuite>